2025-09-30 14:09:23 - src.modules.collection.ssh_collector - ERROR - 连接设备 192.168.1.1 超时
2025-09-30 14:09:23 - src.modules.collection.ssh_collector - ERROR - 无法连接到设备 192.168.1.1
2025-09-30 14:09:25 - src.modules.collection.api_collector - ERROR - HTTP错误: 404 - <!DOCTYPE HTML PUBLIC "-//W3C//DTD HTML 3.2 Final//EN">
<title>404 Not Found</title>
<h1>Not Found</h1>
<p>The requested URL was not found on the server.  If you entered the URL manually please check your spelling and try again.</p>

2025-09-30 14:09:25 - src.modules.collection.api_collector - ERROR - HTTP错误: 404 - <!DOCTYPE HTML PUBLIC "-//W3C//DTD HTML 3.2 Final//EN">
<title>404 Not Found</title>
<h1>Not Found</h1>
<p>The requested URL was not found on the server.  If you entered the URL manually please check your spelling and try again.</p>

2025-09-30 14:09:25 - src.modules.collection.api_collector - ERROR - HTTP错误: 404 - <!DOCTYPE HTML PUBLIC "-//W3C//DTD HTML 3.2 Final//EN">
<title>404 Not Found</title>
<h1>Not Found</h1>
<p>The requested URL was not found on the server.  If you entered the URL manually please check your spelling and try again.</p>

2025-09-30 20:04:48 - src.modules.collection.ssh_collector - ERROR - 连接设备 172.16.1.1 超时
2025-09-30 20:04:48 - __main__ - ERROR - ❌ 连接 172.16.1.1 失败
2025-09-30 20:04:58 - src.modules.collection.ssh_collector - ERROR - 连接设备 172.16.1.2 超时
2025-09-30 20:04:58 - __main__ - ERROR - ❌ 连接 172.16.1.2 失败
2025-09-30 20:05:08 - src.modules.collection.ssh_collector - ERROR - 连接设备 172.16.1.3 超时
2025-09-30 20:05:08 - __main__ - ERROR - ❌ 连接 172.16.1.3 失败
2025-10-01 00:56:44 - src.modules.collection.ssh_collector - ERROR - 连接设备 172.16.80.21 超时
2025-10-01 00:56:44 - src.modules.collection.ssh_collector - ERROR - 无法连接到设备 172.16.80.21
2025-10-01 01:03:52 - src.modules.collection.ssh_collector - ERROR - 连接设备 192.168.80.22 认证失败
2025-10-01 01:03:52 - src.modules.collection.ssh_collector - ERROR - 无法连接到设备 192.168.80.22
2025-10-01 01:06:29 - src.modules.collection.ssh_collector - ERROR - 连接设备 192.168.80.22 认证失败
2025-10-01 01:06:29 - src.modules.collection.ssh_collector - ERROR - 无法连接到设备 192.168.80.22
2025-10-01 01:08:38 - src.modules.collection.ssh_collector - ERROR - 连接设备 192.168.80.22 认证失败
2025-10-01 01:08:38 - src.modules.collection.ssh_collector - ERROR - 无法连接到设备 192.168.80.22
2025-10-01 01:10:50 - src.modules.collection.api_collector - ERROR - 连接错误: https://api.example.com/servers
2025-10-01 01:10:56 - src.modules.collection.api_collector - ERROR - 连接错误: https://api.example.com/networks
2025-10-01 01:12:02 - src.modules.collection.api_collector - ERROR - 连接错误: https://api.example.com/servers
2025-10-01 01:12:08 - src.modules.collection.api_collector - ERROR - 连接错误: https://api.example.com/networks
2025-10-01 01:20:36 - src.modules.collection.ssh_collector - ERROR - 连接设备 192.168.80.22 认证失败
2025-10-01 01:20:36 - src.modules.collection.ssh_collector - ERROR - 无法连接到设备 192.168.80.22
2025-10-01 01:20:56 - src.modules.collection.api_collector - ERROR - 连接错误: https://api.example.com/servers
2025-10-01 01:21:02 - src.modules.collection.api_collector - ERROR - 连接错误: https://api.example.com/networks
2025-10-01 01:21:25 - src.modules.collection.api_collector - ERROR - 连接错误: https://api.example.com/v1/servers
2025-10-01 01:21:31 - src.modules.collection.api_collector - ERROR - 连接错误: https://api.example.com/v1/networks
2025-10-01 01:21:37 - src.modules.collection.api_collector - ERROR - 连接错误: https://api.example.com/v1/volumes
2025-10-01 01:21:44 - src.modules.collection.api_collector - ERROR - 连接错误: https://api.cloudprovider.com/v2/instances
2025-10-01 01:21:50 - src.modules.collection.api_collector - ERROR - 连接错误: https://api.cloudprovider.com/v2/networks
2025-10-01 01:21:56 - src.modules.collection.api_collector - ERROR - 连接错误: https://api.cloudprovider.com/v2/storage
2025-10-01 01:26:04 - src.modules.collection.ssh_collector - ERROR - 加载设备命令配置文件时发生错误: [Errno 2] No such file or directory: 'E:\\Development\\Python\\NetOps\\src\\src\\config\\device_commands.json'
2025-10-01 01:26:06 - src.modules.collection.ssh_collector - ERROR - 加载设备命令配置文件时发生错误: [Errno 2] No such file or directory: 'E:\\Development\\Python\\NetOps\\src\\src\\config\\device_commands.json'
2025-10-01 01:26:09 - src.modules.collection.ssh_collector - ERROR - 连接设备 192.168.80.22 认证失败
2025-10-01 01:26:09 - src.modules.collection.ssh_collector - ERROR - 无法连接到设备 192.168.80.22
2025-10-01 01:26:29 - src.modules.collection.ssh_collector - ERROR - 加载设备命令配置文件时发生错误: [Errno 2] No such file or directory: 'E:\\Development\\Python\\NetOps\\src\\modules\\config\\device_commands.json'
2025-10-01 01:26:30 - src.modules.collection.ssh_collector - ERROR - 加载设备命令配置文件时发生错误: [Errno 2] No such file or directory: 'E:\\Development\\Python\\NetOps\\src\\modules\\config\\device_commands.json'
2025-10-01 01:26:33 - src.modules.collection.ssh_collector - ERROR - 连接设备 192.168.80.22 认证失败
2025-10-01 01:26:33 - src.modules.collection.ssh_collector - ERROR - 无法连接到设备 192.168.80.22
2025-10-01 01:26:53 - src.modules.collection.ssh_collector - ERROR - 加载设备命令配置文件时发生错误: [Errno 2] No such file or directory: 'E:\\Development\\Python\\NetOps\\src\\src\\config\\device_commands.json'
2025-10-01 01:26:55 - src.modules.collection.ssh_collector - ERROR - 加载设备命令配置文件时发生错误: [Errno 2] No such file or directory: 'E:\\Development\\Python\\NetOps\\src\\src\\config\\device_commands.json'
2025-10-01 01:26:57 - src.modules.collection.ssh_collector - ERROR - 连接设备 192.168.80.22 认证失败
2025-10-01 01:26:57 - src.modules.collection.ssh_collector - ERROR - 无法连接到设备 192.168.80.22
2025-10-01 01:28:08 - src.modules.collection.ssh_collector - ERROR - 连接设备 192.168.80.22 认证失败
2025-10-01 01:28:08 - src.modules.collection.ssh_collector - ERROR - 无法连接到设备 192.168.80.22
2025-10-01 01:28:26 - src.modules.collection.api_collector - ERROR - 连接错误: https://api.example.com/servers
2025-10-01 01:28:32 - src.modules.collection.api_collector - ERROR - 连接错误: https://api.example.com/networks
2025-10-01 01:28:51 - src.modules.collection.api_collector - ERROR - 连接错误: https://api.example.com/v1/servers
2025-10-01 01:28:57 - src.modules.collection.api_collector - ERROR - 连接错误: https://api.example.com/v1/networks
2025-10-01 01:29:03 - src.modules.collection.api_collector - ERROR - 连接错误: https://api.example.com/v1/volumes
2025-10-01 01:29:09 - src.modules.collection.api_collector - ERROR - 连接错误: https://api.cloudprovider.com/v2/instances
2025-10-01 01:29:15 - src.modules.collection.api_collector - ERROR - 连接错误: https://api.cloudprovider.com/v2/networks
2025-10-01 01:29:21 - src.modules.collection.api_collector - ERROR - 连接错误: https://api.cloudprovider.com/v2/storage
2025-10-01 01:54:50 - test_baseline - ERROR - 没有可用的设备配置
2025-10-01 01:56:26 - src.modules.collection.api_collector - ERROR - HTTP错误: 403 - {"error":{"status":403,"type":"https://dev.qweather.com/docs/resource/error-code/#invalid-host","title":"Invalid Host","detail":"An invalid or unauthorized API Host."}}
2025-10-01 01:56:26 - src.modules.collection.api_collector - ERROR - HTTP错误: 403 - {"error":{"status":403,"type":"https://dev.qweather.com/docs/resource/error-code/#invalid-host","title":"Invalid Host","detail":"An invalid or unauthorized API Host."}}
2025-10-01 01:56:26 - src.modules.collection.api_collector - ERROR - HTTP错误: 403 - {"error":{"status":403,"type":"https://dev.qweather.com/docs/resource/error-code/#invalid-host","title":"Invalid Host","detail":"An invalid or unauthorized API Host."}}
2025-10-01 01:56:32 - src.modules.collection.api_collector - ERROR - 连接错误: https://api.cloudprovider.com/v2/instances
2025-10-01 01:56:38 - src.modules.collection.api_collector - ERROR - 连接错误: https://api.cloudprovider.com/v2/networks
2025-10-01 01:56:44 - src.modules.collection.api_collector - ERROR - 连接错误: https://api.cloudprovider.com/v2/storage
2025-10-01 02:01:15 - src.modules.collection.api_collector - ERROR - HTTP错误: 403 - {"error":{"status":403,"type":"https://dev.qweather.com/docs/resource/error-code/#invalid-host","title":"Invalid Host","detail":"An invalid or unauthorized API Host."}}
2025-10-01 02:01:15 - src.modules.collection.api_collector - ERROR - HTTP错误: 403 - {"error":{"status":403,"type":"https://dev.qweather.com/docs/resource/error-code/#invalid-host","title":"Invalid Host","detail":"An invalid or unauthorized API Host."}}
2025-10-01 02:01:15 - src.modules.collection.api_collector - ERROR - HTTP错误: 403 - {"error":{"status":403,"type":"https://dev.qweather.com/docs/resource/error-code/#invalid-host","title":"Invalid Host","detail":"An invalid or unauthorized API Host."}}
2025-10-01 02:01:21 - src.modules.collection.api_collector - ERROR - 连接错误: https://api.cloudprovider.com/v2/instances
2025-10-01 02:01:27 - src.modules.collection.api_collector - ERROR - 连接错误: https://api.cloudprovider.com/v2/networks
2025-10-01 02:01:33 - src.modules.collection.api_collector - ERROR - 连接错误: https://api.cloudprovider.com/v2/storage
2025-10-01 02:05:00 - src.modules.collection.api_collector - ERROR - HTTP错误: 403 - {"error":{"status":403,"type":"https://dev.qweather.com/docs/resource/error-code/#invalid-host","title":"Invalid Host","detail":"An invalid or unauthorized API Host."}}
2025-10-01 02:05:00 - src.modules.collection.api_collector - ERROR - HTTP错误: 403 - {"error":{"status":403,"type":"https://dev.qweather.com/docs/resource/error-code/#invalid-host","title":"Invalid Host","detail":"An invalid or unauthorized API Host."}}
2025-10-01 02:05:00 - src.modules.collection.api_collector - ERROR - HTTP错误: 403 - {"error":{"status":403,"type":"https://dev.qweather.com/docs/resource/error-code/#invalid-host","title":"Invalid Host","detail":"An invalid or unauthorized API Host."}}
2025-10-01 02:05:06 - src.modules.collection.api_collector - ERROR - 连接错误: https://api.cloudprovider.com/v2/instances
2025-10-01 02:05:12 - src.modules.collection.api_collector - ERROR - 连接错误: https://api.cloudprovider.com/v2/networks
2025-10-01 02:05:18 - src.modules.collection.api_collector - ERROR - 连接错误: https://api.cloudprovider.com/v2/storage
2025-10-01 02:07:38 - src.modules.collection.api_collector - ERROR - HTTP错误: 403 - {"error":{"status":403,"type":"https://dev.qweather.com/docs/resource/error-code/#invalid-host","title":"Invalid Host","detail":"An invalid or unauthorized API Host."}}
2025-10-01 02:07:38 - src.modules.collection.api_collector - ERROR - HTTP错误: 403 - {"error":{"status":403,"type":"https://dev.qweather.com/docs/resource/error-code/#invalid-host","title":"Invalid Host","detail":"An invalid or unauthorized API Host."}}
2025-10-01 02:07:38 - src.modules.collection.api_collector - ERROR - HTTP错误: 403 - {"error":{"status":403,"type":"https://dev.qweather.com/docs/resource/error-code/#invalid-host","title":"Invalid Host","detail":"An invalid or unauthorized API Host."}}
2025-10-01 02:07:44 - src.modules.collection.api_collector - ERROR - 连接错误: https://api.cloudprovider.com/v2/instances
2025-10-01 02:07:50 - src.modules.collection.api_collector - ERROR - 连接错误: https://api.cloudprovider.com/v2/networks
2025-10-01 02:07:56 - src.modules.collection.api_collector - ERROR - 连接错误: https://api.cloudprovider.com/v2/storage
2025-10-01 02:12:50 - src.modules.collection.api_collector - ERROR - HTTP错误: 403 - {"error":{"status":403,"type":"https://dev.qweather.com/docs/resource/error-code/#invalid-host","title":"Invalid Host","detail":"An invalid or unauthorized API Host."}}
2025-10-01 02:12:50 - src.modules.collection.api_collector - ERROR - HTTP错误: 403 - {"error":{"status":403,"type":"https://dev.qweather.com/docs/resource/error-code/#invalid-host","title":"Invalid Host","detail":"An invalid or unauthorized API Host."}}
2025-10-01 02:12:50 - src.modules.collection.api_collector - ERROR - HTTP错误: 403 - {"error":{"status":403,"type":"https://dev.qweather.com/docs/resource/error-code/#invalid-host","title":"Invalid Host","detail":"An invalid or unauthorized API Host."}}
2025-10-01 02:12:56 - src.modules.collection.api_collector - ERROR - 连接错误: https://api.cloudprovider.com/v2/instances
2025-10-01 02:13:02 - src.modules.collection.api_collector - ERROR - 连接错误: https://api.cloudprovider.com/v2/networks
2025-10-01 02:13:08 - src.modules.collection.api_collector - ERROR - 连接错误: https://api.cloudprovider.com/v2/storage
2025-10-01 02:13:13 - root - ERROR - 请提供有效的动作和参数
2025-10-01 02:13:23 - src.modules.processing.process_order - ERROR - 订单处理失败: openpyxl does not support .json file format, please check you can open it with Excel first. Supported formats are: .xlsx,.xlsm,.xltx,.xltm
Traceback (most recent call last):
  File "E:\Development\Python\NetOps\src\modules\processing\process_order.py", line 177, in _process_order
    customer_info, requirement_infos = self.parse_order_file()
                                       ^^^^^^^^^^^^^^^^^^^^^^^
  File "E:\Development\Python\NetOps\src\modules\processing\process_order.py", line 236, in parse_order_file
    wb = load_workbook(self.order_path, read_only=False, data_only=True)  # 设为可写模式
         ^^^^^^^^^^^^^^^^^^^^^^^^^^^^^^^^^^^^^^^^^^^^^^^^^^^^^^^^^^^^^^^
  File "E:\Development\Python\NetOps\.venv\Lib\site-packages\openpyxl\reader\excel.py", line 346, in load_workbook
    reader = ExcelReader(filename, read_only, keep_vba,
             ^^^^^^^^^^^^^^^^^^^^^^^^^^^^^^^^^^^^^^^^^^
  File "E:\Development\Python\NetOps\.venv\Lib\site-packages\openpyxl\reader\excel.py", line 123, in __init__
    self.archive = _validate_archive(fn)
                   ^^^^^^^^^^^^^^^^^^^^^
  File "E:\Development\Python\NetOps\.venv\Lib\site-packages\openpyxl\reader\excel.py", line 93, in _validate_archive
    raise InvalidFileException(msg)
openpyxl.utils.exceptions.InvalidFileException: openpyxl does not support .json file format, please check you can open it with Excel first. Supported formats are: .xlsx,.xlsm,.xltx,.xltm
2025-10-01 02:13:23 - root - ERROR - 订单处理失败: openpyxl does not support .json file format, please check you can open it with Excel first. Supported formats are: .xlsx,.xlsm,.xltx,.xltm
2025-10-01 02:17:53 - src.modules.collection.ssh_collector - ERROR - 加载设备命令配置文件时发生错误: [Errno 2] No such file or directory: 'E:\\Development\\Python\\NetOps\\src\\config\\device_commands.json'
2025-10-01 02:17:54 - src.modules.collection.ssh_collector - ERROR - 加载设备命令配置文件时发生错误: [Errno 2] No such file or directory: 'E:\\Development\\Python\\NetOps\\src\\config\\device_commands.json'
2025-10-01 02:17:57 - src.modules.collection.ssh_collector - ERROR - 连接设备 192.168.80.22 认证失败
2025-10-01 02:17:57 - src.modules.collection.ssh_collector - ERROR - 无法连接到设备 192.168.80.22
2025-10-01 02:18:26 - src.modules.collection.ssh_collector - ERROR - 加载设备命令配置文件时发生错误: [Errno 2] No such file or directory: 'E:\\Development\\Python\\NetOps\\src\\config\\device_commands.json'
2025-10-01 02:18:27 - src.modules.collection.ssh_collector - ERROR - 加载设备命令配置文件时发生错误: [Errno 2] No such file or directory: 'E:\\Development\\Python\\NetOps\\src\\config\\device_commands.json'
2025-10-01 02:18:30 - src.modules.collection.api_collector - ERROR - HTTP错误: 403 - {"error":{"status":403,"type":"https://dev.qweather.com/docs/resource/error-code/#invalid-host","title":"Invalid Host","detail":"An invalid or unauthorized API Host."}}
2025-10-01 02:18:30 - src.modules.collection.api_collector - ERROR - HTTP错误: 403 - {"error":{"status":403,"type":"https://dev.qweather.com/docs/resource/error-code/#invalid-host","title":"Invalid Host","detail":"An invalid or unauthorized API Host."}}
2025-10-01 02:18:30 - src.modules.collection.api_collector - ERROR - HTTP错误: 403 - {"error":{"status":403,"type":"https://dev.qweather.com/docs/resource/error-code/#invalid-host","title":"Invalid Host","detail":"An invalid or unauthorized API Host."}}
2025-10-01 02:18:36 - src.modules.collection.api_collector - ERROR - 连接错误: https://api.cloudprovider.com/v2/instances
2025-10-01 02:18:42 - src.modules.collection.api_collector - ERROR - 连接错误: https://api.cloudprovider.com/v2/networks
2025-10-01 02:18:48 - src.modules.collection.api_collector - ERROR - 连接错误: https://api.cloudprovider.com/v2/storage
2025-10-01 02:18:49 - src.modules.collection.ssh_collector - ERROR - 加载设备命令配置文件时发生错误: [Errno 2] No such file or directory: 'E:\\Development\\Python\\NetOps\\src\\config\\device_commands.json'
2025-10-01 02:18:49 - src.modules.collection.ssh_collector - ERROR - 加载设备命令配置文件时发生错误: [Errno 2] No such file or directory: 'E:\\Development\\Python\\NetOps\\src\\config\\device_commands.json'
2025-10-01 02:19:13 - src.modules.collection.api_collector - ERROR - 连接错误: https://api.example.com/servers
2025-10-01 02:19:19 - src.modules.collection.api_collector - ERROR - 连接错误: https://api.example.com/networks
2025-10-01 02:19:37 - test_baseline - ERROR - SSH配置文件不存在: E:\Development\Python\NetOps\tests\config\ssh_config.json
2025-10-01 02:19:37 - test_baseline - ERROR - 基线规则文件不存在: E:\Development\Python\NetOps\tests\config\baseline_rules.yaml
2025-10-01 02:19:37 - src.modules.collection.ssh_collector - ERROR - 加载设备命令配置文件时发生错误: [Errno 2] No such file or directory: 'E:\\Development\\Python\\NetOps\\src\\config\\device_commands.json'
2025-10-02 00:04:03 - test_baseline - ERROR - 没有可用的设备配置
2025-10-02 00:10:25 - test_baseline - ERROR - 没有可用的设备配置
2025-10-02 00:11:44 - src.modules.collection.ssh_collector - ERROR - 加载设备命令配置文件时发生错误: [Errno 2] No such file or directory: 'e:\\Development\\Python\\NetOps\\src\\config\\device_commands.json'
2025-10-02 00:11:44 - src.modules.collection.ssh_collector - ERROR - 加载设备命令配置文件时发生错误: [Errno 2] No such file or directory: 'e:\\Development\\Python\\NetOps\\src\\config\\device_commands.json'
2025-10-02 00:17:20 - src.modules.collection.ssh_collector - ERROR - 加载设备命令配置文件时发生错误: [Errno 2] No such file or directory: 'e:\\Development\\Python\\NetOps\\src\\config\\device_commands.json'
2025-10-02 00:17:20 - src.modules.collection.ssh_collector - ERROR - 加载设备命令配置文件时发生错误: [Errno 2] No such file or directory: 'e:\\Development\\Python\\NetOps\\src\\config\\device_commands.json'
2025-10-02 00:22:12 - src.modules.collection.ssh_collector - ERROR - 加载设备命令配置文件时发生错误: [Errno 2] No such file or directory: 'e:\\Development\\Python\\NetOps\\src\\config\\device_commands.json'
2025-10-02 00:22:12 - src.modules.collection.ssh_collector - ERROR - 加载设备命令配置文件时发生错误: [Errno 2] No such file or directory: 'e:\\Development\\Python\\NetOps\\src\\config\\device_commands.json'
2025-10-02 00:24:40 - src.modules.collection.api_collector - ERROR - HTTP错误: 403 - {"error":{"status":403,"type":"https://dev.qweather.com/docs/resource/error-code/#invalid-host","title":"Invalid Host","detail":"An invalid or unauthorized API Host."}}
2025-10-02 00:24:40 - src.modules.collection.api_collector - ERROR - HTTP错误: 403 - {"error":{"status":403,"type":"https://dev.qweather.com/docs/resource/error-code/#invalid-host","title":"Invalid Host","detail":"An invalid or unauthorized API Host."}}
2025-10-02 00:24:40 - src.modules.collection.api_collector - ERROR - HTTP错误: 403 - {"error":{"status":403,"type":"https://dev.qweather.com/docs/resource/error-code/#invalid-host","title":"Invalid Host","detail":"An invalid or unauthorized API Host."}}
2025-10-02 00:24:46 - src.modules.collection.api_collector - ERROR - 连接错误: https://api.cloudprovider.com/v2/instances
2025-10-02 00:24:52 - src.modules.collection.api_collector - ERROR - 连接错误: https://api.cloudprovider.com/v2/networks
2025-10-02 00:24:58 - src.modules.collection.api_collector - ERROR - 连接错误: https://api.cloudprovider.com/v2/storage
2025-10-02 00:58:48 - src.modules.baseline.check_baseline - ERROR - 执行基线检查时发生错误: 'jinja2.runtime.LoopContext object' has no attribute 'parent'
Traceback (most recent call last):
  File "E:\Development\Python\NetOps\src\modules\baseline\check_baseline.py", line 603, in check_baseline
    self._generate_report(results)
  File "E:\Development\Python\NetOps\src\modules\baseline\check_baseline.py", line 644, in _generate_report
    report_html = template.render(**report_data)
                  ^^^^^^^^^^^^^^^^^^^^^^^^^^^^^^
  File "E:\Development\Python\NetOps\.venv\Lib\site-packages\jinja2\environment.py", line 1295, in render
    self.environment.handle_exception()
  File "E:\Development\Python\NetOps\.venv\Lib\site-packages\jinja2\environment.py", line 942, in handle_exception
    raise rewrite_traceback_stack(source=source)
  File "<template>", line 196, in top-level template code
  File "E:\Development\Python\NetOps\.venv\Lib\site-packages\jinja2\environment.py", line 490, in getattr
    return getattr(obj, attribute)
           ^^^^^^^^^^^^^^^^^^^^^^^
jinja2.exceptions.UndefinedError: 'jinja2.runtime.LoopContext object' has no attribute 'parent'
2025-10-02 00:58:48 - root - ERROR - 基线检查失败: 'jinja2.runtime.LoopContext object' has no attribute 'parent'
2025-10-02 00:59:11 - src.modules.baseline.check_baseline - ERROR - 执行基线检查时发生错误: 'jinja2.runtime.LoopContext object' has no attribute 'parent'
Traceback (most recent call last):
  File "E:\Development\Python\NetOps\src\modules\baseline\check_baseline.py", line 603, in check_baseline
    self._generate_report(results)
  File "E:\Development\Python\NetOps\src\modules\baseline\check_baseline.py", line 644, in _generate_report
    report_html = template.render(**report_data)
                  ^^^^^^^^^^^^^^^^^^^^^^^^^^^^^^
  File "E:\Development\Python\NetOps\.venv\Lib\site-packages\jinja2\environment.py", line 1295, in render
    self.environment.handle_exception()
  File "E:\Development\Python\NetOps\.venv\Lib\site-packages\jinja2\environment.py", line 942, in handle_exception
    raise rewrite_traceback_stack(source=source)
  File "<template>", line 196, in top-level template code
  File "E:\Development\Python\NetOps\.venv\Lib\site-packages\jinja2\environment.py", line 490, in getattr
    return getattr(obj, attribute)
           ^^^^^^^^^^^^^^^^^^^^^^^
jinja2.exceptions.UndefinedError: 'jinja2.runtime.LoopContext object' has no attribute 'parent'
2025-10-02 00:59:11 - root - ERROR - 基线检查失败: 'jinja2.runtime.LoopContext object' has no attribute 'parent'
2025-10-02 01:03:04 - test_baseline - ERROR - 测试过程中发生错误: cannot access local variable 'project_root' where it is not associated with a value
Traceback (most recent call last):
  File "e:\Development\Python\NetOps\tests\test_baseline.py", line 142, in test_baseline
    results = check_devices_baseline(
              ^^^^^^^^^^^^^^^^^^^^^^^
  File "e:\Development\Python\NetOps\src\modules\baseline\check_baseline.py", line 705, in check_devices_baseline
    checker = BaselineChecker(rules_file=rules_file, max_workers=max_workers)
              ^^^^^^^^^^^^^^^^^^^^^^^^^^^^^^^^^^^^^^^^^^^^^^^^^^^^^^^^^^^^^^^
  File "e:\Development\Python\NetOps\src\modules\baseline\check_baseline.py", line 166, in __init__
    suggestions_file = os.path.join(project_root, 'config', 'remediation_suggestions.yaml')
                                    ^^^^^^^^^^^^
UnboundLocalError: cannot access local variable 'project_root' where it is not associated with a value
2025-10-02 01:15:44 - src.modules.baseline.check_baseline - ERROR - 执行基线检查时发生错误: 'BaselineChecker' object has no attribute '_generate_device_remediation_file'
Traceback (most recent call last):
  File "E:\Development\Python\NetOps\src\modules\baseline\check_baseline.py", line 604, in check_baseline
    self._generate_report(results)
  File "E:\Development\Python\NetOps\src\modules\baseline\check_baseline.py", line 649, in _generate_report
    remediation_content = self._generate_device_remediation_file(
                          ^^^^^^^^^^^^^^^^^^^^^^^^^^^^^^^^^^^^^^
AttributeError: 'BaselineChecker' object has no attribute '_generate_device_remediation_file'
2025-10-02 01:15:44 - root - ERROR - 基线检查失败: 'BaselineChecker' object has no attribute '_generate_device_remediation_file'
2025-10-02 01:16:15 - src.modules.baseline.check_baseline - ERROR - 执行基线检查时发生错误: 'BaselineChecker' object has no attribute '_generate_device_remediation_file'
Traceback (most recent call last):
  File "E:\Development\Python\NetOps\src\modules\baseline\check_baseline.py", line 604, in check_baseline
    self._generate_report(results)
  File "E:\Development\Python\NetOps\src\modules\baseline\check_baseline.py", line 649, in _generate_report
    remediation_content = self._generate_device_remediation_file(
                          ^^^^^^^^^^^^^^^^^^^^^^^^^^^^^^^^^^^^^^
AttributeError: 'BaselineChecker' object has no attribute '_generate_device_remediation_file'
2025-10-02 01:16:15 - root - ERROR - 基线检查失败: 'BaselineChecker' object has no attribute '_generate_device_remediation_file'
2025-10-02 01:16:44 - src.modules.baseline.check_baseline - ERROR - 执行基线检查时发生错误: 'BaselineChecker' object has no attribute '_generate_device_remediation_file'
Traceback (most recent call last):
  File "E:\Development\Python\NetOps\src\modules\baseline\check_baseline.py", line 604, in check_baseline
    self._generate_report(results)
  File "E:\Development\Python\NetOps\src\modules\baseline\check_baseline.py", line 649, in _generate_report
    remediation_content = self._generate_device_remediation_file(
                          ^^^^^^^^^^^^^^^^^^^^^^^^^^^^^^^^^^^^^^
AttributeError: 'BaselineChecker' object has no attribute '_generate_device_remediation_file'
2025-10-02 01:16:44 - root - ERROR - 基线检查失败: 'BaselineChecker' object has no attribute '_generate_device_remediation_file'
2025-10-02 01:17:13 - src.modules.baseline.check_baseline - ERROR - 执行基线检查时发生错误: 'BaselineChecker' object has no attribute '_generate_device_remediation_file'
Traceback (most recent call last):
  File "E:\Development\Python\NetOps\src\modules\baseline\check_baseline.py", line 604, in check_baseline
    self._generate_report(results)
  File "E:\Development\Python\NetOps\src\modules\baseline\check_baseline.py", line 649, in _generate_report
    remediation_content = self._generate_device_remediation_file(
                          ^^^^^^^^^^^^^^^^^^^^^^^^^^^^^^^^^^^^^^
AttributeError: 'BaselineChecker' object has no attribute '_generate_device_remediation_file'
2025-10-02 01:17:13 - root - ERROR - 基线检查失败: 'BaselineChecker' object has no attribute '_generate_device_remediation_file'
2025-10-02 01:17:37 - src.modules.baseline.check_baseline - ERROR - 执行基线检查时发生错误: 'BaselineChecker' object has no attribute '_generate_device_remediation_file'
Traceback (most recent call last):
  File "E:\Development\Python\NetOps\src\modules\baseline\check_baseline.py", line 604, in check_baseline
    self._generate_report(results)
  File "E:\Development\Python\NetOps\src\modules\baseline\check_baseline.py", line 649, in _generate_report
    remediation_content = self._generate_device_remediation_file(
                          ^^^^^^^^^^^^^^^^^^^^^^^^^^^^^^^^^^^^^^
AttributeError: 'BaselineChecker' object has no attribute '_generate_device_remediation_file'
2025-10-02 01:17:37 - root - ERROR - 基线检查失败: 'BaselineChecker' object has no attribute '_generate_device_remediation_file'
2025-10-02 01:18:32 - src.modules.baseline.check_baseline - ERROR - 执行基线检查时发生错误: 'BaselineChecker' object has no attribute '_generate_device_remediation_file'
Traceback (most recent call last):
  File "E:\Development\Python\NetOps\src\modules\baseline\check_baseline.py", line 604, in check_baseline
    self._generate_report(results)
  File "E:\Development\Python\NetOps\src\modules\baseline\check_baseline.py", line 649, in _generate_report
    remediation_content = self._generate_device_remediation_file(
                          ^^^^^^^^^^^^^^^^^^^^^^^^^^^^^^^^^^^^^^
AttributeError: 'BaselineChecker' object has no attribute '_generate_device_remediation_file'
2025-10-02 01:18:32 - root - ERROR - 基线检查失败: 'BaselineChecker' object has no attribute '_generate_device_remediation_file'
2025-10-02 01:18:47 - src.modules.baseline.check_baseline - ERROR - 执行基线检查时发生错误: 'BaselineChecker' object has no attribute '_generate_device_remediation_file'
Traceback (most recent call last):
  File "E:\Development\Python\NetOps\src\modules\baseline\check_baseline.py", line 604, in check_baseline
    self._generate_report(results)
  File "E:\Development\Python\NetOps\src\modules\baseline\check_baseline.py", line 649, in _generate_report
    remediation_content = self._generate_device_remediation_file(
                          ^^^^^^^^^^^^^^^^^^^^^^^^^^^^^^^^^^^^^^
AttributeError: 'BaselineChecker' object has no attribute '_generate_device_remediation_file'
2025-10-02 01:18:47 - root - ERROR - 基线检查失败: 'BaselineChecker' object has no attribute '_generate_device_remediation_file'
2025-10-02 03:43:03 - src.modules.collection.ssh_collector - ERROR - 连接设备 192.168.80.21 时发生未知错误: Unsupported 'device_type' currently supported platforms are: 
a10
accedian
adtran_os
adva_fsp150f2
adva_fsp150f3
alaxala_ax26s
alaxala_ax36s
alcatel_aos
alcatel_sros
allied_telesis_awplus
apresia_aeos
arista_eos
arris_cer
aruba_aoscx
aruba_os
aruba_osswitch
aruba_procurve
asterfusion_asternos
audiocode_66
audiocode_72
audiocode_shell
avaya_ers
avaya_vsp
bintec_boss
broadcom_icos
brocade_fastiron
brocade_fos
brocade_netiron
brocade_nos
brocade_vdx
brocade_vyos
calix_b6
casa_cmts
cdot_cros
centec_os
checkpoint_gaia
ciena_saos
ciena_saos10
ciena_waveserver
cisco_apic
cisco_asa
cisco_ftd
cisco_ios
cisco_nxos
cisco_s200
cisco_s300
cisco_tp
cisco_viptela
cisco_wlc
cisco_xe
cisco_xr
cloudgenix_ion
corelight_linux
coriant
cumulus_linux
dell_dnos9
dell_force10
dell_isilon
dell_os10
dell_os6
dell_os9
dell_powerconnect
dell_sonic
digi_transport
dlink_ds
edgecore_sonic
ekinops_ek360
eltex
eltex_esr
endace
enterasys
ericsson_ipos
ericsson_mltn63
ericsson_mltn66
extreme
extreme_ers
extreme_exos
extreme_netiron
extreme_nos
extreme_slx
extreme_tierra
extreme_vdx
extreme_vsp
extreme_wing
f5_linux
f5_ltm
f5_tmsh
fiberstore_fsos
fiberstore_fsosv2
fiberstore_networkos
flexvnf
fortinet
garderos_grs
generic
generic_termserver
h3c_comware
hillstone_stoneos
hp_comware
hp_procurve
huawei
huawei_olt
huawei_smartax
huawei_smartaxmmi
huawei_vrp
huawei_vrpv8
infinera_packet
ipinfusion_ocnos
juniper
juniper_junos
juniper_screenos
keymile
keymile_nos
lancom_lcossx4
linux
maipu
mellanox
mellanox_mlnxos
mikrotik_routeros
mikrotik_switchos
mrv_lx
mrv_optiswitch
nec_ix
netapp_cdot
netgear_prosafe
netscaler
nokia_srl
nokia_sros
oneaccess_oneos
ovs_linux
paloalto_panos
pluribus
quanta_mesh
rad_etx
raisecom_roap
ruckus_fastiron
ruijie_os
silverpeak_vxoa
sixwind_os
sophos_sfos
supermicro_smis
telcosystems_binos
teldat_cit
tplink_jetstream
ubiquiti_edge
ubiquiti_edgerouter
ubiquiti_edgeswitch
ubiquiti_unifiswitch
vertiv_mph
vyatta_vyos
vyos
watchguard_fireware
yamaha
zte_zxros
zyxel_os
2025-10-02 03:43:03 - src.modules.baseline.check_baseline - ERROR - 设备 192.168.80.21 检查失败: 无法连接到设备 192.168.80.21
Traceback (most recent call last):
  File "E:\Development\Python\NetOps\src\modules\baseline\check_baseline.py", line 502, in check_device
    raise Exception(f"无法连接到设备 {host}")
Exception: 无法连接到设备 192.168.80.21
2025-10-02 03:43:03 - src.modules.collection.ssh_collector - ERROR - 连接设备 192.168.80.22 时发生未知错误: Unsupported 'device_type' currently supported platforms are: 
a10
accedian
adtran_os
adva_fsp150f2
adva_fsp150f3
alaxala_ax26s
alaxala_ax36s
alcatel_aos
alcatel_sros
allied_telesis_awplus
apresia_aeos
arista_eos
arris_cer
aruba_aoscx
aruba_os
aruba_osswitch
aruba_procurve
asterfusion_asternos
audiocode_66
audiocode_72
audiocode_shell
avaya_ers
avaya_vsp
bintec_boss
broadcom_icos
brocade_fastiron
brocade_fos
brocade_netiron
brocade_nos
brocade_vdx
brocade_vyos
calix_b6
casa_cmts
cdot_cros
centec_os
checkpoint_gaia
ciena_saos
ciena_saos10
ciena_waveserver
cisco_apic
cisco_asa
cisco_ftd
cisco_ios
cisco_nxos
cisco_s200
cisco_s300
cisco_tp
cisco_viptela
cisco_wlc
cisco_xe
cisco_xr
cloudgenix_ion
corelight_linux
coriant
cumulus_linux
dell_dnos9
dell_force10
dell_isilon
dell_os10
dell_os6
dell_os9
dell_powerconnect
dell_sonic
digi_transport
dlink_ds
edgecore_sonic
ekinops_ek360
eltex
eltex_esr
endace
enterasys
ericsson_ipos
ericsson_mltn63
ericsson_mltn66
extreme
extreme_ers
extreme_exos
extreme_netiron
extreme_nos
extreme_slx
extreme_tierra
extreme_vdx
extreme_vsp
extreme_wing
f5_linux
f5_ltm
f5_tmsh
fiberstore_fsos
fiberstore_fsosv2
fiberstore_networkos
flexvnf
fortinet
garderos_grs
generic
generic_termserver
h3c_comware
hillstone_stoneos
hp_comware
hp_procurve
huawei
huawei_olt
huawei_smartax
huawei_smartaxmmi
huawei_vrp
huawei_vrpv8
infinera_packet
ipinfusion_ocnos
juniper
juniper_junos
juniper_screenos
keymile
keymile_nos
lancom_lcossx4
linux
maipu
mellanox
mellanox_mlnxos
mikrotik_routeros
mikrotik_switchos
mrv_lx
mrv_optiswitch
nec_ix
netapp_cdot
netgear_prosafe
netscaler
nokia_srl
nokia_sros
oneaccess_oneos
ovs_linux
paloalto_panos
pluribus
quanta_mesh
rad_etx
raisecom_roap
ruckus_fastiron
ruijie_os
silverpeak_vxoa
sixwind_os
sophos_sfos
supermicro_smis
telcosystems_binos
teldat_cit
tplink_jetstream
ubiquiti_edge
ubiquiti_edgerouter
ubiquiti_edgeswitch
ubiquiti_unifiswitch
vertiv_mph
vyatta_vyos
vyos
watchguard_fireware
yamaha
zte_zxros
zyxel_os
2025-10-02 03:43:03 - src.modules.baseline.check_baseline - ERROR - 设备 192.168.80.22 检查失败: 无法连接到设备 192.168.80.22
Traceback (most recent call last):
  File "E:\Development\Python\NetOps\src\modules\baseline\check_baseline.py", line 502, in check_device
    raise Exception(f"无法连接到设备 {host}")
Exception: 无法连接到设备 192.168.80.22
2025-10-02 03:51:17 - src.modules.collection.ssh_collector - ERROR - 连接设备 192.168.80.21 时发生未知错误: Unsupported 'device_type' currently supported platforms are: 
a10
accedian
adtran_os
adva_fsp150f2
adva_fsp150f3
alaxala_ax26s
alaxala_ax36s
alcatel_aos
alcatel_sros
allied_telesis_awplus
apresia_aeos
arista_eos
arris_cer
aruba_aoscx
aruba_os
aruba_osswitch
aruba_procurve
asterfusion_asternos
audiocode_66
audiocode_72
audiocode_shell
avaya_ers
avaya_vsp
bintec_boss
broadcom_icos
brocade_fastiron
brocade_fos
brocade_netiron
brocade_nos
brocade_vdx
brocade_vyos
calix_b6
casa_cmts
cdot_cros
centec_os
checkpoint_gaia
ciena_saos
ciena_saos10
ciena_waveserver
cisco_apic
cisco_asa
cisco_ftd
cisco_ios
cisco_nxos
cisco_s200
cisco_s300
cisco_tp
cisco_viptela
cisco_wlc
cisco_xe
cisco_xr
cloudgenix_ion
corelight_linux
coriant
cumulus_linux
dell_dnos9
dell_force10
dell_isilon
dell_os10
dell_os6
dell_os9
dell_powerconnect
dell_sonic
digi_transport
dlink_ds
edgecore_sonic
ekinops_ek360
eltex
eltex_esr
endace
enterasys
ericsson_ipos
ericsson_mltn63
ericsson_mltn66
extreme
extreme_ers
extreme_exos
extreme_netiron
extreme_nos
extreme_slx
extreme_tierra
extreme_vdx
extreme_vsp
extreme_wing
f5_linux
f5_ltm
f5_tmsh
fiberstore_fsos
fiberstore_fsosv2
fiberstore_networkos
flexvnf
fortinet
garderos_grs
generic
generic_termserver
h3c_comware
hillstone_stoneos
hp_comware
hp_procurve
huawei
huawei_olt
huawei_smartax
huawei_smartaxmmi
huawei_vrp
huawei_vrpv8
infinera_packet
ipinfusion_ocnos
juniper
juniper_junos
juniper_screenos
keymile
keymile_nos
lancom_lcossx4
linux
maipu
mellanox
mellanox_mlnxos
mikrotik_routeros
mikrotik_switchos
mrv_lx
mrv_optiswitch
nec_ix
netapp_cdot
netgear_prosafe
netscaler
nokia_srl
nokia_sros
oneaccess_oneos
ovs_linux
paloalto_panos
pluribus
quanta_mesh
rad_etx
raisecom_roap
ruckus_fastiron
ruijie_os
silverpeak_vxoa
sixwind_os
sophos_sfos
supermicro_smis
telcosystems_binos
teldat_cit
tplink_jetstream
ubiquiti_edge
ubiquiti_edgerouter
ubiquiti_edgeswitch
ubiquiti_unifiswitch
vertiv_mph
vyatta_vyos
vyos
watchguard_fireware
yamaha
zte_zxros
zyxel_os
2025-10-02 03:51:17 - src.modules.collection.ssh_collector - ERROR - 连接设备 192.168.80.22 时发生未知错误: Unsupported 'device_type' currently supported platforms are: 
a10
accedian
adtran_os
adva_fsp150f2
adva_fsp150f3
alaxala_ax26s
alaxala_ax36s
alcatel_aos
alcatel_sros
allied_telesis_awplus
apresia_aeos
arista_eos
arris_cer
aruba_aoscx
aruba_os
aruba_osswitch
aruba_procurve
asterfusion_asternos
audiocode_66
audiocode_72
audiocode_shell
avaya_ers
avaya_vsp
bintec_boss
broadcom_icos
brocade_fastiron
brocade_fos
brocade_netiron
brocade_nos
brocade_vdx
brocade_vyos
calix_b6
casa_cmts
cdot_cros
centec_os
checkpoint_gaia
ciena_saos
ciena_saos10
ciena_waveserver
cisco_apic
cisco_asa
cisco_ftd
cisco_ios
cisco_nxos
cisco_s200
cisco_s300
cisco_tp
cisco_viptela
cisco_wlc
cisco_xe
cisco_xr
cloudgenix_ion
corelight_linux
coriant
cumulus_linux
dell_dnos9
dell_force10
dell_isilon
dell_os10
dell_os6
dell_os9
dell_powerconnect
dell_sonic
digi_transport
dlink_ds
edgecore_sonic
ekinops_ek360
eltex
eltex_esr
endace
enterasys
ericsson_ipos
ericsson_mltn63
ericsson_mltn66
extreme
extreme_ers
extreme_exos
extreme_netiron
extreme_nos
extreme_slx
extreme_tierra
extreme_vdx
extreme_vsp
extreme_wing
f5_linux
f5_ltm
f5_tmsh
fiberstore_fsos
fiberstore_fsosv2
fiberstore_networkos
flexvnf
fortinet
garderos_grs
generic
generic_termserver
h3c_comware
hillstone_stoneos
hp_comware
hp_procurve
huawei
huawei_olt
huawei_smartax
huawei_smartaxmmi
huawei_vrp
huawei_vrpv8
infinera_packet
ipinfusion_ocnos
juniper
juniper_junos
juniper_screenos
keymile
keymile_nos
lancom_lcossx4
linux
maipu
mellanox
mellanox_mlnxos
mikrotik_routeros
mikrotik_switchos
mrv_lx
mrv_optiswitch
nec_ix
netapp_cdot
netgear_prosafe
netscaler
nokia_srl
nokia_sros
oneaccess_oneos
ovs_linux
paloalto_panos
pluribus
quanta_mesh
rad_etx
raisecom_roap
ruckus_fastiron
ruijie_os
silverpeak_vxoa
sixwind_os
sophos_sfos
supermicro_smis
telcosystems_binos
teldat_cit
tplink_jetstream
ubiquiti_edge
ubiquiti_edgerouter
ubiquiti_edgeswitch
ubiquiti_unifiswitch
vertiv_mph
vyatta_vyos
vyos
watchguard_fireware
yamaha
zte_zxros
zyxel_os
2025-10-02 03:51:17 - src.modules.baseline.check_baseline - ERROR - 设备 192.168.80.21 检查失败: 无法连接到设备 192.168.80.21
Traceback (most recent call last):
  File "E:\Development\Python\NetOps\src\modules\baseline\check_baseline.py", line 502, in check_device
    raise Exception(f"无法连接到设备 {host}")
Exception: 无法连接到设备 192.168.80.21
2025-10-02 03:51:17 - src.modules.baseline.check_baseline - ERROR - 设备 192.168.80.22 检查失败: 无法连接到设备 192.168.80.22
Traceback (most recent call last):
  File "E:\Development\Python\NetOps\src\modules\baseline\check_baseline.py", line 502, in check_device
    raise Exception(f"无法连接到设备 {host}")
Exception: 无法连接到设备 192.168.80.22
2025-10-02 03:52:07 - src.modules.collection.ssh_collector - ERROR - 连接设备 192.168.80.21 时发生未知错误: Unsupported 'device_type' currently supported platforms are: 
a10
accedian
adtran_os
adva_fsp150f2
adva_fsp150f3
alaxala_ax26s
alaxala_ax36s
alcatel_aos
alcatel_sros
allied_telesis_awplus
apresia_aeos
arista_eos
arris_cer
aruba_aoscx
aruba_os
aruba_osswitch
aruba_procurve
asterfusion_asternos
audiocode_66
audiocode_72
audiocode_shell
avaya_ers
avaya_vsp
bintec_boss
broadcom_icos
brocade_fastiron
brocade_fos
brocade_netiron
brocade_nos
brocade_vdx
brocade_vyos
calix_b6
casa_cmts
cdot_cros
centec_os
checkpoint_gaia
ciena_saos
ciena_saos10
ciena_waveserver
cisco_apic
cisco_asa
cisco_ftd
cisco_ios
cisco_nxos
cisco_s200
cisco_s300
cisco_tp
cisco_viptela
cisco_wlc
cisco_xe
cisco_xr
cloudgenix_ion
corelight_linux
coriant
cumulus_linux
dell_dnos9
dell_force10
dell_isilon
dell_os10
dell_os6
dell_os9
dell_powerconnect
dell_sonic
digi_transport
dlink_ds
edgecore_sonic
ekinops_ek360
eltex
eltex_esr
endace
enterasys
ericsson_ipos
ericsson_mltn63
ericsson_mltn66
extreme
extreme_ers
extreme_exos
extreme_netiron
extreme_nos
extreme_slx
extreme_tierra
extreme_vdx
extreme_vsp
extreme_wing
f5_linux
f5_ltm
f5_tmsh
fiberstore_fsos
fiberstore_fsosv2
fiberstore_networkos
flexvnf
fortinet
garderos_grs
generic
generic_termserver
h3c_comware
hillstone_stoneos
hp_comware
hp_procurve
huawei
huawei_olt
huawei_smartax
huawei_smartaxmmi
huawei_vrp
huawei_vrpv8
infinera_packet
ipinfusion_ocnos
juniper
juniper_junos
juniper_screenos
keymile
keymile_nos
lancom_lcossx4
linux
maipu
mellanox
mellanox_mlnxos
mikrotik_routeros
mikrotik_switchos
mrv_lx
mrv_optiswitch
nec_ix
netapp_cdot
netgear_prosafe
netscaler
nokia_srl
nokia_sros
oneaccess_oneos
ovs_linux
paloalto_panos
pluribus
quanta_mesh
rad_etx
raisecom_roap
ruckus_fastiron
ruijie_os
silverpeak_vxoa
sixwind_os
sophos_sfos
supermicro_smis
telcosystems_binos
teldat_cit
tplink_jetstream
ubiquiti_edge
ubiquiti_edgerouter
ubiquiti_edgeswitch
ubiquiti_unifiswitch
vertiv_mph
vyatta_vyos
vyos
watchguard_fireware
yamaha
zte_zxros
zyxel_os
2025-10-02 03:52:07 - src.modules.collection.ssh_collector - ERROR - 连接设备 192.168.80.22 时发生未知错误: Unsupported 'device_type' currently supported platforms are: 
a10
accedian
adtran_os
adva_fsp150f2
adva_fsp150f3
alaxala_ax26s
alaxala_ax36s
alcatel_aos
alcatel_sros
allied_telesis_awplus
apresia_aeos
arista_eos
arris_cer
aruba_aoscx
aruba_os
aruba_osswitch
aruba_procurve
asterfusion_asternos
audiocode_66
audiocode_72
audiocode_shell
avaya_ers
avaya_vsp
bintec_boss
broadcom_icos
brocade_fastiron
brocade_fos
brocade_netiron
brocade_nos
brocade_vdx
brocade_vyos
calix_b6
casa_cmts
cdot_cros
centec_os
checkpoint_gaia
ciena_saos
ciena_saos10
ciena_waveserver
cisco_apic
cisco_asa
cisco_ftd
cisco_ios
cisco_nxos
cisco_s200
cisco_s300
cisco_tp
cisco_viptela
cisco_wlc
cisco_xe
cisco_xr
cloudgenix_ion
corelight_linux
coriant
cumulus_linux
dell_dnos9
dell_force10
dell_isilon
dell_os10
dell_os6
dell_os9
dell_powerconnect
dell_sonic
digi_transport
dlink_ds
edgecore_sonic
ekinops_ek360
eltex
eltex_esr
endace
enterasys
ericsson_ipos
ericsson_mltn63
ericsson_mltn66
extreme
extreme_ers
extreme_exos
extreme_netiron
extreme_nos
extreme_slx
extreme_tierra
extreme_vdx
extreme_vsp
extreme_wing
f5_linux
f5_ltm
f5_tmsh
fiberstore_fsos
fiberstore_fsosv2
fiberstore_networkos
flexvnf
fortinet
garderos_grs
generic
generic_termserver
h3c_comware
hillstone_stoneos
hp_comware
hp_procurve
huawei
huawei_olt
huawei_smartax
huawei_smartaxmmi
huawei_vrp
huawei_vrpv8
infinera_packet
ipinfusion_ocnos
juniper
juniper_junos
juniper_screenos
keymile
keymile_nos
lancom_lcossx4
linux
maipu
mellanox
mellanox_mlnxos
mikrotik_routeros
mikrotik_switchos
mrv_lx
mrv_optiswitch
nec_ix
netapp_cdot
netgear_prosafe
netscaler
nokia_srl
nokia_sros
oneaccess_oneos
ovs_linux
paloalto_panos
pluribus
quanta_mesh
rad_etx
raisecom_roap
ruckus_fastiron
ruijie_os
silverpeak_vxoa
sixwind_os
sophos_sfos
supermicro_smis
telcosystems_binos
teldat_cit
tplink_jetstream
ubiquiti_edge
ubiquiti_edgerouter
ubiquiti_edgeswitch
ubiquiti_unifiswitch
vertiv_mph
vyatta_vyos
vyos
watchguard_fireware
yamaha
zte_zxros
zyxel_os
2025-10-02 03:52:07 - src.modules.baseline.check_baseline - ERROR - 设备 192.168.80.21 检查失败: 无法连接到设备 192.168.80.21
Traceback (most recent call last):
  File "E:\Development\Python\NetOps\src\modules\baseline\check_baseline.py", line 502, in check_device
    raise Exception(f"无法连接到设备 {host}")
Exception: 无法连接到设备 192.168.80.21
2025-10-02 03:52:07 - src.modules.baseline.check_baseline - ERROR - 设备 192.168.80.22 检查失败: 无法连接到设备 192.168.80.22
Traceback (most recent call last):
  File "E:\Development\Python\NetOps\src\modules\baseline\check_baseline.py", line 502, in check_device
    raise Exception(f"无法连接到设备 {host}")
Exception: 无法连接到设备 192.168.80.22
2025-10-02 03:52:34 - src.modules.collection.ssh_collector - ERROR - 连接设备 192.168.80.21 时发生未知错误: Unsupported 'device_type' currently supported platforms are: 
a10
accedian
adtran_os
adva_fsp150f2
adva_fsp150f3
alaxala_ax26s
alaxala_ax36s
alcatel_aos
alcatel_sros
allied_telesis_awplus
apresia_aeos
arista_eos
arris_cer
aruba_aoscx
aruba_os
aruba_osswitch
aruba_procurve
asterfusion_asternos
audiocode_66
audiocode_72
audiocode_shell
avaya_ers
avaya_vsp
bintec_boss
broadcom_icos
brocade_fastiron
brocade_fos
brocade_netiron
brocade_nos
brocade_vdx
brocade_vyos
calix_b6
casa_cmts
cdot_cros
centec_os
checkpoint_gaia
ciena_saos
ciena_saos10
ciena_waveserver
cisco_apic
cisco_asa
cisco_ftd
cisco_ios
cisco_nxos
cisco_s200
cisco_s300
cisco_tp
cisco_viptela
cisco_wlc
cisco_xe
cisco_xr
cloudgenix_ion
corelight_linux
coriant
cumulus_linux
dell_dnos9
dell_force10
dell_isilon
dell_os10
dell_os6
dell_os9
dell_powerconnect
dell_sonic
digi_transport
dlink_ds
edgecore_sonic
ekinops_ek360
eltex
eltex_esr
endace
enterasys
ericsson_ipos
ericsson_mltn63
ericsson_mltn66
extreme
extreme_ers
extreme_exos
extreme_netiron
extreme_nos
extreme_slx
extreme_tierra
extreme_vdx
extreme_vsp
extreme_wing
f5_linux
f5_ltm
f5_tmsh
fiberstore_fsos
fiberstore_fsosv2
fiberstore_networkos
flexvnf
fortinet
garderos_grs
generic
generic_termserver
h3c_comware
hillstone_stoneos
hp_comware
hp_procurve
huawei
huawei_olt
huawei_smartax
huawei_smartaxmmi
huawei_vrp
huawei_vrpv8
infinera_packet
ipinfusion_ocnos
juniper
juniper_junos
juniper_screenos
keymile
keymile_nos
lancom_lcossx4
linux
maipu
mellanox
mellanox_mlnxos
mikrotik_routeros
mikrotik_switchos
mrv_lx
mrv_optiswitch
nec_ix
netapp_cdot
netgear_prosafe
netscaler
nokia_srl
nokia_sros
oneaccess_oneos
ovs_linux
paloalto_panos
pluribus
quanta_mesh
rad_etx
raisecom_roap
ruckus_fastiron
ruijie_os
silverpeak_vxoa
sixwind_os
sophos_sfos
supermicro_smis
telcosystems_binos
teldat_cit
tplink_jetstream
ubiquiti_edge
ubiquiti_edgerouter
ubiquiti_edgeswitch
ubiquiti_unifiswitch
vertiv_mph
vyatta_vyos
vyos
watchguard_fireware
yamaha
zte_zxros
zyxel_os
2025-10-02 03:52:34 - src.modules.baseline.check_baseline - ERROR - 设备 192.168.80.21 检查失败: 无法连接到设备 192.168.80.21
Traceback (most recent call last):
  File "E:\Development\Python\NetOps\src\modules\baseline\check_baseline.py", line 502, in check_device
    raise Exception(f"无法连接到设备 {host}")
Exception: 无法连接到设备 192.168.80.21
2025-10-02 03:52:34 - src.modules.collection.ssh_collector - ERROR - 连接设备 192.168.80.22 时发生未知错误: Unsupported 'device_type' currently supported platforms are: 
a10
accedian
adtran_os
adva_fsp150f2
adva_fsp150f3
alaxala_ax26s
alaxala_ax36s
alcatel_aos
alcatel_sros
allied_telesis_awplus
apresia_aeos
arista_eos
arris_cer
aruba_aoscx
aruba_os
aruba_osswitch
aruba_procurve
asterfusion_asternos
audiocode_66
audiocode_72
audiocode_shell
avaya_ers
avaya_vsp
bintec_boss
broadcom_icos
brocade_fastiron
brocade_fos
brocade_netiron
brocade_nos
brocade_vdx
brocade_vyos
calix_b6
casa_cmts
cdot_cros
centec_os
checkpoint_gaia
ciena_saos
ciena_saos10
ciena_waveserver
cisco_apic
cisco_asa
cisco_ftd
cisco_ios
cisco_nxos
cisco_s200
cisco_s300
cisco_tp
cisco_viptela
cisco_wlc
cisco_xe
cisco_xr
cloudgenix_ion
corelight_linux
coriant
cumulus_linux
dell_dnos9
dell_force10
dell_isilon
dell_os10
dell_os6
dell_os9
dell_powerconnect
dell_sonic
digi_transport
dlink_ds
edgecore_sonic
ekinops_ek360
eltex
eltex_esr
endace
enterasys
ericsson_ipos
ericsson_mltn63
ericsson_mltn66
extreme
extreme_ers
extreme_exos
extreme_netiron
extreme_nos
extreme_slx
extreme_tierra
extreme_vdx
extreme_vsp
extreme_wing
f5_linux
f5_ltm
f5_tmsh
fiberstore_fsos
fiberstore_fsosv2
fiberstore_networkos
flexvnf
fortinet
garderos_grs
generic
generic_termserver
h3c_comware
hillstone_stoneos
hp_comware
hp_procurve
huawei
huawei_olt
huawei_smartax
huawei_smartaxmmi
huawei_vrp
huawei_vrpv8
infinera_packet
ipinfusion_ocnos
juniper
juniper_junos
juniper_screenos
keymile
keymile_nos
lancom_lcossx4
linux
maipu
mellanox
mellanox_mlnxos
mikrotik_routeros
mikrotik_switchos
mrv_lx
mrv_optiswitch
nec_ix
netapp_cdot
netgear_prosafe
netscaler
nokia_srl
nokia_sros
oneaccess_oneos
ovs_linux
paloalto_panos
pluribus
quanta_mesh
rad_etx
raisecom_roap
ruckus_fastiron
ruijie_os
silverpeak_vxoa
sixwind_os
sophos_sfos
supermicro_smis
telcosystems_binos
teldat_cit
tplink_jetstream
ubiquiti_edge
ubiquiti_edgerouter
ubiquiti_edgeswitch
ubiquiti_unifiswitch
vertiv_mph
vyatta_vyos
vyos
watchguard_fireware
yamaha
zte_zxros
zyxel_os
2025-10-02 03:52:34 - src.modules.baseline.check_baseline - ERROR - 设备 192.168.80.22 检查失败: 无法连接到设备 192.168.80.22
Traceback (most recent call last):
  File "E:\Development\Python\NetOps\src\modules\baseline\check_baseline.py", line 502, in check_device
    raise Exception(f"无法连接到设备 {host}")
Exception: 无法连接到设备 192.168.80.22
2025-10-02 03:55:39 - src.modules.collection.ssh_collector - ERROR - 连接设备 192.168.80.21 时发生未知错误: Unsupported 'device_type' currently supported platforms are: 
a10
accedian
adtran_os
adva_fsp150f2
adva_fsp150f3
alaxala_ax26s
alaxala_ax36s
alcatel_aos
alcatel_sros
allied_telesis_awplus
apresia_aeos
arista_eos
arris_cer
aruba_aoscx
aruba_os
aruba_osswitch
aruba_procurve
asterfusion_asternos
audiocode_66
audiocode_72
audiocode_shell
avaya_ers
avaya_vsp
bintec_boss
broadcom_icos
brocade_fastiron
brocade_fos
brocade_netiron
brocade_nos
brocade_vdx
brocade_vyos
calix_b6
casa_cmts
cdot_cros
centec_os
checkpoint_gaia
ciena_saos
ciena_saos10
ciena_waveserver
cisco_apic
cisco_asa
cisco_ftd
cisco_ios
cisco_nxos
cisco_s200
cisco_s300
cisco_tp
cisco_viptela
cisco_wlc
cisco_xe
cisco_xr
cloudgenix_ion
corelight_linux
coriant
cumulus_linux
dell_dnos9
dell_force10
dell_isilon
dell_os10
dell_os6
dell_os9
dell_powerconnect
dell_sonic
digi_transport
dlink_ds
edgecore_sonic
ekinops_ek360
eltex
eltex_esr
endace
enterasys
ericsson_ipos
ericsson_mltn63
ericsson_mltn66
extreme
extreme_ers
extreme_exos
extreme_netiron
extreme_nos
extreme_slx
extreme_tierra
extreme_vdx
extreme_vsp
extreme_wing
f5_linux
f5_ltm
f5_tmsh
fiberstore_fsos
fiberstore_fsosv2
fiberstore_networkos
flexvnf
fortinet
garderos_grs
generic
generic_termserver
h3c_comware
hillstone_stoneos
hp_comware
hp_procurve
huawei
huawei_olt
huawei_smartax
huawei_smartaxmmi
huawei_vrp
huawei_vrpv8
infinera_packet
ipinfusion_ocnos
juniper
juniper_junos
juniper_screenos
keymile
keymile_nos
lancom_lcossx4
linux
maipu
mellanox
mellanox_mlnxos
mikrotik_routeros
mikrotik_switchos
mrv_lx
mrv_optiswitch
nec_ix
netapp_cdot
netgear_prosafe
netscaler
nokia_srl
nokia_sros
oneaccess_oneos
ovs_linux
paloalto_panos
pluribus
quanta_mesh
rad_etx
raisecom_roap
ruckus_fastiron
ruijie_os
silverpeak_vxoa
sixwind_os
sophos_sfos
supermicro_smis
telcosystems_binos
teldat_cit
tplink_jetstream
ubiquiti_edge
ubiquiti_edgerouter
ubiquiti_edgeswitch
ubiquiti_unifiswitch
vertiv_mph
vyatta_vyos
vyos
watchguard_fireware
yamaha
zte_zxros
zyxel_os
2025-10-02 03:55:39 - src.modules.collection.ssh_collector - ERROR - 连接设备 192.168.80.22 时发生未知错误: Unsupported 'device_type' currently supported platforms are: 
a10
accedian
adtran_os
adva_fsp150f2
adva_fsp150f3
alaxala_ax26s
alaxala_ax36s
alcatel_aos
alcatel_sros
allied_telesis_awplus
apresia_aeos
arista_eos
arris_cer
aruba_aoscx
aruba_os
aruba_osswitch
aruba_procurve
asterfusion_asternos
audiocode_66
audiocode_72
audiocode_shell
avaya_ers
avaya_vsp
bintec_boss
broadcom_icos
brocade_fastiron
brocade_fos
brocade_netiron
brocade_nos
brocade_vdx
brocade_vyos
calix_b6
casa_cmts
cdot_cros
centec_os
checkpoint_gaia
ciena_saos
ciena_saos10
ciena_waveserver
cisco_apic
cisco_asa
cisco_ftd
cisco_ios
cisco_nxos
cisco_s200
cisco_s300
cisco_tp
cisco_viptela
cisco_wlc
cisco_xe
cisco_xr
cloudgenix_ion
corelight_linux
coriant
cumulus_linux
dell_dnos9
dell_force10
dell_isilon
dell_os10
dell_os6
dell_os9
dell_powerconnect
dell_sonic
digi_transport
dlink_ds
edgecore_sonic
ekinops_ek360
eltex
eltex_esr
endace
enterasys
ericsson_ipos
ericsson_mltn63
ericsson_mltn66
extreme
extreme_ers
extreme_exos
extreme_netiron
extreme_nos
extreme_slx
extreme_tierra
extreme_vdx
extreme_vsp
extreme_wing
f5_linux
f5_ltm
f5_tmsh
fiberstore_fsos
fiberstore_fsosv2
fiberstore_networkos
flexvnf
fortinet
garderos_grs
generic
generic_termserver
h3c_comware
hillstone_stoneos
hp_comware
hp_procurve
huawei
huawei_olt
huawei_smartax
huawei_smartaxmmi
huawei_vrp
huawei_vrpv8
infinera_packet
ipinfusion_ocnos
juniper
juniper_junos
juniper_screenos
keymile
keymile_nos
lancom_lcossx4
linux
maipu
mellanox
mellanox_mlnxos
mikrotik_routeros
mikrotik_switchos
mrv_lx
mrv_optiswitch
nec_ix
netapp_cdot
netgear_prosafe
netscaler
nokia_srl
nokia_sros
oneaccess_oneos
ovs_linux
paloalto_panos
pluribus
quanta_mesh
rad_etx
raisecom_roap
ruckus_fastiron
ruijie_os
silverpeak_vxoa
sixwind_os
sophos_sfos
supermicro_smis
telcosystems_binos
teldat_cit
tplink_jetstream
ubiquiti_edge
ubiquiti_edgerouter
ubiquiti_edgeswitch
ubiquiti_unifiswitch
vertiv_mph
vyatta_vyos
vyos
watchguard_fireware
yamaha
zte_zxros
zyxel_os
2025-10-02 03:55:39 - src.modules.baseline.check_baseline - ERROR - 设备 192.168.80.21 检查失败: 无法连接到设备 192.168.80.21
Traceback (most recent call last):
  File "E:\Development\Python\NetOps\src\modules\baseline\check_baseline.py", line 502, in check_device
    raise Exception(f"无法连接到设备 {host}")
Exception: 无法连接到设备 192.168.80.21
2025-10-02 03:55:39 - src.modules.baseline.check_baseline - ERROR - 设备 192.168.80.22 检查失败: 无法连接到设备 192.168.80.22
Traceback (most recent call last):
  File "E:\Development\Python\NetOps\src\modules\baseline\check_baseline.py", line 502, in check_device
    raise Exception(f"无法连接到设备 {host}")
Exception: 无法连接到设备 192.168.80.22
2025-10-02 03:57:22 - src.modules.collection.ssh_collector - ERROR - 连接设备 192.168.80.21 时发生未知错误: Unsupported 'device_type' currently supported platforms are: 
a10
accedian
adtran_os
adva_fsp150f2
adva_fsp150f3
alaxala_ax26s
alaxala_ax36s
alcatel_aos
alcatel_sros
allied_telesis_awplus
apresia_aeos
arista_eos
arris_cer
aruba_aoscx
aruba_os
aruba_osswitch
aruba_procurve
asterfusion_asternos
audiocode_66
audiocode_72
audiocode_shell
avaya_ers
avaya_vsp
bintec_boss
broadcom_icos
brocade_fastiron
brocade_fos
brocade_netiron
brocade_nos
brocade_vdx
brocade_vyos
calix_b6
casa_cmts
cdot_cros
centec_os
checkpoint_gaia
ciena_saos
ciena_saos10
ciena_waveserver
cisco_apic
cisco_asa
cisco_ftd
cisco_ios
cisco_nxos
cisco_s200
cisco_s300
cisco_tp
cisco_viptela
cisco_wlc
cisco_xe
cisco_xr
cloudgenix_ion
corelight_linux
coriant
cumulus_linux
dell_dnos9
dell_force10
dell_isilon
dell_os10
dell_os6
dell_os9
dell_powerconnect
dell_sonic
digi_transport
dlink_ds
edgecore_sonic
ekinops_ek360
eltex
eltex_esr
endace
enterasys
ericsson_ipos
ericsson_mltn63
ericsson_mltn66
extreme
extreme_ers
extreme_exos
extreme_netiron
extreme_nos
extreme_slx
extreme_tierra
extreme_vdx
extreme_vsp
extreme_wing
f5_linux
f5_ltm
f5_tmsh
fiberstore_fsos
fiberstore_fsosv2
fiberstore_networkos
flexvnf
fortinet
garderos_grs
generic
generic_termserver
h3c_comware
hillstone_stoneos
hp_comware
hp_procurve
huawei
huawei_olt
huawei_smartax
huawei_smartaxmmi
huawei_vrp
huawei_vrpv8
infinera_packet
ipinfusion_ocnos
juniper
juniper_junos
juniper_screenos
keymile
keymile_nos
lancom_lcossx4
linux
maipu
mellanox
mellanox_mlnxos
mikrotik_routeros
mikrotik_switchos
mrv_lx
mrv_optiswitch
nec_ix
netapp_cdot
netgear_prosafe
netscaler
nokia_srl
nokia_sros
oneaccess_oneos
ovs_linux
paloalto_panos
pluribus
quanta_mesh
rad_etx
raisecom_roap
ruckus_fastiron
ruijie_os
silverpeak_vxoa
sixwind_os
sophos_sfos
supermicro_smis
telcosystems_binos
teldat_cit
tplink_jetstream
ubiquiti_edge
ubiquiti_edgerouter
ubiquiti_edgeswitch
ubiquiti_unifiswitch
vertiv_mph
vyatta_vyos
vyos
watchguard_fireware
yamaha
zte_zxros
zyxel_os
2025-10-02 03:57:22 - src.modules.collection.ssh_collector - ERROR - 连接设备 192.168.80.22 时发生未知错误: Unsupported 'device_type' currently supported platforms are: 
a10
accedian
adtran_os
adva_fsp150f2
adva_fsp150f3
alaxala_ax26s
alaxala_ax36s
alcatel_aos
alcatel_sros
allied_telesis_awplus
apresia_aeos
arista_eos
arris_cer
aruba_aoscx
aruba_os
aruba_osswitch
aruba_procurve
asterfusion_asternos
audiocode_66
audiocode_72
audiocode_shell
avaya_ers
avaya_vsp
bintec_boss
broadcom_icos
brocade_fastiron
brocade_fos
brocade_netiron
brocade_nos
brocade_vdx
brocade_vyos
calix_b6
casa_cmts
cdot_cros
centec_os
checkpoint_gaia
ciena_saos
ciena_saos10
ciena_waveserver
cisco_apic
cisco_asa
cisco_ftd
cisco_ios
cisco_nxos
cisco_s200
cisco_s300
cisco_tp
cisco_viptela
cisco_wlc
cisco_xe
cisco_xr
cloudgenix_ion
corelight_linux
coriant
cumulus_linux
dell_dnos9
dell_force10
dell_isilon
dell_os10
dell_os6
dell_os9
dell_powerconnect
dell_sonic
digi_transport
dlink_ds
edgecore_sonic
ekinops_ek360
eltex
eltex_esr
endace
enterasys
ericsson_ipos
ericsson_mltn63
ericsson_mltn66
extreme
extreme_ers
extreme_exos
extreme_netiron
extreme_nos
extreme_slx
extreme_tierra
extreme_vdx
extreme_vsp
extreme_wing
f5_linux
f5_ltm
f5_tmsh
fiberstore_fsos
fiberstore_fsosv2
fiberstore_networkos
flexvnf
fortinet
garderos_grs
generic
generic_termserver
h3c_comware
hillstone_stoneos
hp_comware
hp_procurve
huawei
huawei_olt
huawei_smartax
huawei_smartaxmmi
huawei_vrp
huawei_vrpv8
infinera_packet
ipinfusion_ocnos
juniper
juniper_junos
juniper_screenos
keymile
keymile_nos
lancom_lcossx4
linux
maipu
mellanox
mellanox_mlnxos
mikrotik_routeros
mikrotik_switchos
mrv_lx
mrv_optiswitch
nec_ix
netapp_cdot
netgear_prosafe
netscaler
nokia_srl
nokia_sros
oneaccess_oneos
ovs_linux
paloalto_panos
pluribus
quanta_mesh
rad_etx
raisecom_roap
ruckus_fastiron
ruijie_os
silverpeak_vxoa
sixwind_os
sophos_sfos
supermicro_smis
telcosystems_binos
teldat_cit
tplink_jetstream
ubiquiti_edge
ubiquiti_edgerouter
ubiquiti_edgeswitch
ubiquiti_unifiswitch
vertiv_mph
vyatta_vyos
vyos
watchguard_fireware
yamaha
zte_zxros
zyxel_os
2025-10-02 03:57:22 - src.modules.baseline.check_baseline - ERROR - 设备 192.168.80.21 检查失败: 无法连接到设备 192.168.80.21
Traceback (most recent call last):
  File "E:\Development\Python\NetOps\src\modules\baseline\check_baseline.py", line 502, in check_device
    raise Exception(f"无法连接到设备 {host}")
Exception: 无法连接到设备 192.168.80.21
2025-10-02 03:57:22 - src.modules.baseline.check_baseline - ERROR - 设备 192.168.80.22 检查失败: 无法连接到设备 192.168.80.22
Traceback (most recent call last):
  File "E:\Development\Python\NetOps\src\modules\baseline\check_baseline.py", line 502, in check_device
    raise Exception(f"无法连接到设备 {host}")
Exception: 无法连接到设备 192.168.80.22
2025-10-02 03:59:33 - src.modules.collection.ssh_collector - ERROR - 连接设备 192.168.80.21 时发生未知错误: Unsupported 'device_type' currently supported platforms are: 
a10
accedian
adtran_os
adva_fsp150f2
adva_fsp150f3
alaxala_ax26s
alaxala_ax36s
alcatel_aos
alcatel_sros
allied_telesis_awplus
apresia_aeos
arista_eos
arris_cer
aruba_aoscx
aruba_os
aruba_osswitch
aruba_procurve
asterfusion_asternos
audiocode_66
audiocode_72
audiocode_shell
avaya_ers
avaya_vsp
bintec_boss
broadcom_icos
brocade_fastiron
brocade_fos
brocade_netiron
brocade_nos
brocade_vdx
brocade_vyos
calix_b6
casa_cmts
cdot_cros
centec_os
checkpoint_gaia
ciena_saos
ciena_saos10
ciena_waveserver
cisco_apic
cisco_asa
cisco_ftd
cisco_ios
cisco_nxos
cisco_s200
cisco_s300
cisco_tp
cisco_viptela
cisco_wlc
cisco_xe
cisco_xr
cloudgenix_ion
corelight_linux
coriant
cumulus_linux
dell_dnos9
dell_force10
dell_isilon
dell_os10
dell_os6
dell_os9
dell_powerconnect
dell_sonic
digi_transport
dlink_ds
edgecore_sonic
ekinops_ek360
eltex
eltex_esr
endace
enterasys
ericsson_ipos
ericsson_mltn63
ericsson_mltn66
extreme
extreme_ers
extreme_exos
extreme_netiron
extreme_nos
extreme_slx
extreme_tierra
extreme_vdx
extreme_vsp
extreme_wing
f5_linux
f5_ltm
f5_tmsh
fiberstore_fsos
fiberstore_fsosv2
fiberstore_networkos
flexvnf
fortinet
garderos_grs
generic
generic_termserver
h3c_comware
hillstone_stoneos
hp_comware
hp_procurve
huawei
huawei_olt
huawei_smartax
huawei_smartaxmmi
huawei_vrp
huawei_vrpv8
infinera_packet
ipinfusion_ocnos
juniper
juniper_junos
juniper_screenos
keymile
keymile_nos
lancom_lcossx4
linux
maipu
mellanox
mellanox_mlnxos
mikrotik_routeros
mikrotik_switchos
mrv_lx
mrv_optiswitch
nec_ix
netapp_cdot
netgear_prosafe
netscaler
nokia_srl
nokia_sros
oneaccess_oneos
ovs_linux
paloalto_panos
pluribus
quanta_mesh
rad_etx
raisecom_roap
ruckus_fastiron
ruijie_os
silverpeak_vxoa
sixwind_os
sophos_sfos
supermicro_smis
telcosystems_binos
teldat_cit
tplink_jetstream
ubiquiti_edge
ubiquiti_edgerouter
ubiquiti_edgeswitch
ubiquiti_unifiswitch
vertiv_mph
vyatta_vyos
vyos
watchguard_fireware
yamaha
zte_zxros
zyxel_os
2025-10-02 03:59:33 - src.modules.collection.ssh_collector - ERROR - 连接设备 192.168.80.22 时发生未知错误: Unsupported 'device_type' currently supported platforms are: 
a10
accedian
adtran_os
adva_fsp150f2
adva_fsp150f3
alaxala_ax26s
alaxala_ax36s
alcatel_aos
alcatel_sros
allied_telesis_awplus
apresia_aeos
arista_eos
arris_cer
aruba_aoscx
aruba_os
aruba_osswitch
aruba_procurve
asterfusion_asternos
audiocode_66
audiocode_72
audiocode_shell
avaya_ers
avaya_vsp
bintec_boss
broadcom_icos
brocade_fastiron
brocade_fos
brocade_netiron
brocade_nos
brocade_vdx
brocade_vyos
calix_b6
casa_cmts
cdot_cros
centec_os
checkpoint_gaia
ciena_saos
ciena_saos10
ciena_waveserver
cisco_apic
cisco_asa
cisco_ftd
cisco_ios
cisco_nxos
cisco_s200
cisco_s300
cisco_tp
cisco_viptela
cisco_wlc
cisco_xe
cisco_xr
cloudgenix_ion
corelight_linux
coriant
cumulus_linux
dell_dnos9
dell_force10
dell_isilon
dell_os10
dell_os6
dell_os9
dell_powerconnect
dell_sonic
digi_transport
dlink_ds
edgecore_sonic
ekinops_ek360
eltex
eltex_esr
endace
enterasys
ericsson_ipos
ericsson_mltn63
ericsson_mltn66
extreme
extreme_ers
extreme_exos
extreme_netiron
extreme_nos
extreme_slx
extreme_tierra
extreme_vdx
extreme_vsp
extreme_wing
f5_linux
f5_ltm
f5_tmsh
fiberstore_fsos
fiberstore_fsosv2
fiberstore_networkos
flexvnf
fortinet
garderos_grs
generic
generic_termserver
h3c_comware
hillstone_stoneos
hp_comware
hp_procurve
huawei
huawei_olt
huawei_smartax
huawei_smartaxmmi
huawei_vrp
huawei_vrpv8
infinera_packet
ipinfusion_ocnos
juniper
juniper_junos
juniper_screenos
keymile
keymile_nos
lancom_lcossx4
linux
maipu
mellanox
mellanox_mlnxos
mikrotik_routeros
mikrotik_switchos
mrv_lx
mrv_optiswitch
nec_ix
netapp_cdot
netgear_prosafe
netscaler
nokia_srl
nokia_sros
oneaccess_oneos
ovs_linux
paloalto_panos
pluribus
quanta_mesh
rad_etx
raisecom_roap
ruckus_fastiron
ruijie_os
silverpeak_vxoa
sixwind_os
sophos_sfos
supermicro_smis
telcosystems_binos
teldat_cit
tplink_jetstream
ubiquiti_edge
ubiquiti_edgerouter
ubiquiti_edgeswitch
ubiquiti_unifiswitch
vertiv_mph
vyatta_vyos
vyos
watchguard_fireware
yamaha
zte_zxros
zyxel_os
2025-10-02 03:59:33 - src.modules.baseline.check_baseline - ERROR - 设备 192.168.80.21 检查失败: 无法连接到设备 192.168.80.21
Traceback (most recent call last):
  File "E:\Development\Python\NetOps\src\modules\baseline\check_baseline.py", line 502, in check_device
    raise Exception(f"无法连接到设备 {host}")
Exception: 无法连接到设备 192.168.80.21
2025-10-02 03:59:33 - src.modules.baseline.check_baseline - ERROR - 设备 192.168.80.22 检查失败: 无法连接到设备 192.168.80.22
Traceback (most recent call last):
  File "E:\Development\Python\NetOps\src\modules\baseline\check_baseline.py", line 502, in check_device
    raise Exception(f"无法连接到设备 {host}")
Exception: 无法连接到设备 192.168.80.22
2025-10-02 04:04:51 - src.modules.collection.ssh_collector - ERROR - 连接设备 192.168.80.21 时发生未知错误: Unsupported 'device_type' currently supported platforms are: 
a10
accedian
adtran_os
adva_fsp150f2
adva_fsp150f3
alaxala_ax26s
alaxala_ax36s
alcatel_aos
alcatel_sros
allied_telesis_awplus
apresia_aeos
arista_eos
arris_cer
aruba_aoscx
aruba_os
aruba_osswitch
aruba_procurve
asterfusion_asternos
audiocode_66
audiocode_72
audiocode_shell
avaya_ers
avaya_vsp
bintec_boss
broadcom_icos
brocade_fastiron
brocade_fos
brocade_netiron
brocade_nos
brocade_vdx
brocade_vyos
calix_b6
casa_cmts
cdot_cros
centec_os
checkpoint_gaia
ciena_saos
ciena_saos10
ciena_waveserver
cisco_apic
cisco_asa
cisco_ftd
cisco_ios
cisco_nxos
cisco_s200
cisco_s300
cisco_tp
cisco_viptela
cisco_wlc
cisco_xe
cisco_xr
cloudgenix_ion
corelight_linux
coriant
cumulus_linux
dell_dnos9
dell_force10
dell_isilon
dell_os10
dell_os6
dell_os9
dell_powerconnect
dell_sonic
digi_transport
dlink_ds
edgecore_sonic
ekinops_ek360
eltex
eltex_esr
endace
enterasys
ericsson_ipos
ericsson_mltn63
ericsson_mltn66
extreme
extreme_ers
extreme_exos
extreme_netiron
extreme_nos
extreme_slx
extreme_tierra
extreme_vdx
extreme_vsp
extreme_wing
f5_linux
f5_ltm
f5_tmsh
fiberstore_fsos
fiberstore_fsosv2
fiberstore_networkos
flexvnf
fortinet
garderos_grs
generic
generic_termserver
h3c_comware
hillstone_stoneos
hp_comware
hp_procurve
huawei
huawei_olt
huawei_smartax
huawei_smartaxmmi
huawei_vrp
huawei_vrpv8
infinera_packet
ipinfusion_ocnos
juniper
juniper_junos
juniper_screenos
keymile
keymile_nos
lancom_lcossx4
linux
maipu
mellanox
mellanox_mlnxos
mikrotik_routeros
mikrotik_switchos
mrv_lx
mrv_optiswitch
nec_ix
netapp_cdot
netgear_prosafe
netscaler
nokia_srl
nokia_sros
oneaccess_oneos
ovs_linux
paloalto_panos
pluribus
quanta_mesh
rad_etx
raisecom_roap
ruckus_fastiron
ruijie_os
silverpeak_vxoa
sixwind_os
sophos_sfos
supermicro_smis
telcosystems_binos
teldat_cit
tplink_jetstream
ubiquiti_edge
ubiquiti_edgerouter
ubiquiti_edgeswitch
ubiquiti_unifiswitch
vertiv_mph
vyatta_vyos
vyos
watchguard_fireware
yamaha
zte_zxros
zyxel_os
2025-10-02 04:04:51 - src.modules.collection.ssh_collector - ERROR - 连接设备 192.168.80.22 时发生未知错误: Unsupported 'device_type' currently supported platforms are: 
a10
accedian
adtran_os
adva_fsp150f2
adva_fsp150f3
alaxala_ax26s
alaxala_ax36s
alcatel_aos
alcatel_sros
allied_telesis_awplus
apresia_aeos
arista_eos
arris_cer
aruba_aoscx
aruba_os
aruba_osswitch
aruba_procurve
asterfusion_asternos
audiocode_66
audiocode_72
audiocode_shell
avaya_ers
avaya_vsp
bintec_boss
broadcom_icos
brocade_fastiron
brocade_fos
brocade_netiron
brocade_nos
brocade_vdx
brocade_vyos
calix_b6
casa_cmts
cdot_cros
centec_os
checkpoint_gaia
ciena_saos
ciena_saos10
ciena_waveserver
cisco_apic
cisco_asa
cisco_ftd
cisco_ios
cisco_nxos
cisco_s200
cisco_s300
cisco_tp
cisco_viptela
cisco_wlc
cisco_xe
cisco_xr
cloudgenix_ion
corelight_linux
coriant
cumulus_linux
dell_dnos9
dell_force10
dell_isilon
dell_os10
dell_os6
dell_os9
dell_powerconnect
dell_sonic
digi_transport
dlink_ds
edgecore_sonic
ekinops_ek360
eltex
eltex_esr
endace
enterasys
ericsson_ipos
ericsson_mltn63
ericsson_mltn66
extreme
extreme_ers
extreme_exos
extreme_netiron
extreme_nos
extreme_slx
extreme_tierra
extreme_vdx
extreme_vsp
extreme_wing
f5_linux
f5_ltm
f5_tmsh
fiberstore_fsos
fiberstore_fsosv2
fiberstore_networkos
flexvnf
fortinet
garderos_grs
generic
generic_termserver
h3c_comware
hillstone_stoneos
hp_comware
hp_procurve
huawei
huawei_olt
huawei_smartax
huawei_smartaxmmi
huawei_vrp
huawei_vrpv8
infinera_packet
ipinfusion_ocnos
juniper
juniper_junos
juniper_screenos
keymile
keymile_nos
lancom_lcossx4
linux
maipu
mellanox
mellanox_mlnxos
mikrotik_routeros
mikrotik_switchos
mrv_lx
mrv_optiswitch
nec_ix
netapp_cdot
netgear_prosafe
netscaler
nokia_srl
nokia_sros
oneaccess_oneos
ovs_linux
paloalto_panos
pluribus
quanta_mesh
rad_etx
raisecom_roap
ruckus_fastiron
ruijie_os
silverpeak_vxoa
sixwind_os
sophos_sfos
supermicro_smis
telcosystems_binos
teldat_cit
tplink_jetstream
ubiquiti_edge
ubiquiti_edgerouter
ubiquiti_edgeswitch
ubiquiti_unifiswitch
vertiv_mph
vyatta_vyos
vyos
watchguard_fireware
yamaha
zte_zxros
zyxel_os
2025-10-02 04:04:51 - src.modules.baseline.check_baseline - ERROR - 设备 192.168.80.21 检查失败: 无法连接到设备 192.168.80.21
Traceback (most recent call last):
  File "E:\Development\Python\NetOps\src\modules\baseline\check_baseline.py", line 502, in check_device
    raise Exception(f"无法连接到设备 {host}")
Exception: 无法连接到设备 192.168.80.21
2025-10-02 04:04:51 - src.modules.baseline.check_baseline - ERROR - 设备 192.168.80.22 检查失败: 无法连接到设备 192.168.80.22
Traceback (most recent call last):
  File "E:\Development\Python\NetOps\src\modules\baseline\check_baseline.py", line 502, in check_device
    raise Exception(f"无法连接到设备 {host}")
Exception: 无法连接到设备 192.168.80.22
2025-10-02 04:10:16 - src.modules.collection.ssh_collector - ERROR - 连接设备 192.168.80.21 时发生未知错误: Unsupported 'device_type' currently supported platforms are: 
a10
accedian
adtran_os
adva_fsp150f2
adva_fsp150f3
alaxala_ax26s
alaxala_ax36s
alcatel_aos
alcatel_sros
allied_telesis_awplus
apresia_aeos
arista_eos
arris_cer
aruba_aoscx
aruba_os
aruba_osswitch
aruba_procurve
asterfusion_asternos
audiocode_66
audiocode_72
audiocode_shell
avaya_ers
avaya_vsp
bintec_boss
broadcom_icos
brocade_fastiron
brocade_fos
brocade_netiron
brocade_nos
brocade_vdx
brocade_vyos
calix_b6
casa_cmts
cdot_cros
centec_os
checkpoint_gaia
ciena_saos
ciena_saos10
ciena_waveserver
cisco_apic
cisco_asa
cisco_ftd
cisco_ios
cisco_nxos
cisco_s200
cisco_s300
cisco_tp
cisco_viptela
cisco_wlc
cisco_xe
cisco_xr
cloudgenix_ion
corelight_linux
coriant
cumulus_linux
dell_dnos9
dell_force10
dell_isilon
dell_os10
dell_os6
dell_os9
dell_powerconnect
dell_sonic
digi_transport
dlink_ds
edgecore_sonic
ekinops_ek360
eltex
eltex_esr
endace
enterasys
ericsson_ipos
ericsson_mltn63
ericsson_mltn66
extreme
extreme_ers
extreme_exos
extreme_netiron
extreme_nos
extreme_slx
extreme_tierra
extreme_vdx
extreme_vsp
extreme_wing
f5_linux
f5_ltm
f5_tmsh
fiberstore_fsos
fiberstore_fsosv2
fiberstore_networkos
flexvnf
fortinet
garderos_grs
generic
generic_termserver
h3c_comware
hillstone_stoneos
hp_comware
hp_procurve
huawei
huawei_olt
huawei_smartax
huawei_smartaxmmi
huawei_vrp
huawei_vrpv8
infinera_packet
ipinfusion_ocnos
juniper
juniper_junos
juniper_screenos
keymile
keymile_nos
lancom_lcossx4
linux
maipu
mellanox
mellanox_mlnxos
mikrotik_routeros
mikrotik_switchos
mrv_lx
mrv_optiswitch
nec_ix
netapp_cdot
netgear_prosafe
netscaler
nokia_srl
nokia_sros
oneaccess_oneos
ovs_linux
paloalto_panos
pluribus
quanta_mesh
rad_etx
raisecom_roap
ruckus_fastiron
ruijie_os
silverpeak_vxoa
sixwind_os
sophos_sfos
supermicro_smis
telcosystems_binos
teldat_cit
tplink_jetstream
ubiquiti_edge
ubiquiti_edgerouter
ubiquiti_edgeswitch
ubiquiti_unifiswitch
vertiv_mph
vyatta_vyos
vyos
watchguard_fireware
yamaha
zte_zxros
zyxel_os
2025-10-02 04:10:16 - src.modules.collection.ssh_collector - ERROR - 连接设备 192.168.80.22 时发生未知错误: Unsupported 'device_type' currently supported platforms are: 
a10
accedian
adtran_os
adva_fsp150f2
adva_fsp150f3
alaxala_ax26s
alaxala_ax36s
alcatel_aos
alcatel_sros
allied_telesis_awplus
apresia_aeos
arista_eos
arris_cer
aruba_aoscx
aruba_os
aruba_osswitch
aruba_procurve
asterfusion_asternos
audiocode_66
audiocode_72
audiocode_shell
avaya_ers
avaya_vsp
bintec_boss
broadcom_icos
brocade_fastiron
brocade_fos
brocade_netiron
brocade_nos
brocade_vdx
brocade_vyos
calix_b6
casa_cmts
cdot_cros
centec_os
checkpoint_gaia
ciena_saos
ciena_saos10
ciena_waveserver
cisco_apic
cisco_asa
cisco_ftd
cisco_ios
cisco_nxos
cisco_s200
cisco_s300
cisco_tp
cisco_viptela
cisco_wlc
cisco_xe
cisco_xr
cloudgenix_ion
corelight_linux
coriant
cumulus_linux
dell_dnos9
dell_force10
dell_isilon
dell_os10
dell_os6
dell_os9
dell_powerconnect
dell_sonic
digi_transport
dlink_ds
edgecore_sonic
ekinops_ek360
eltex
eltex_esr
endace
enterasys
ericsson_ipos
ericsson_mltn63
ericsson_mltn66
extreme
extreme_ers
extreme_exos
extreme_netiron
extreme_nos
extreme_slx
extreme_tierra
extreme_vdx
extreme_vsp
extreme_wing
f5_linux
f5_ltm
f5_tmsh
fiberstore_fsos
fiberstore_fsosv2
fiberstore_networkos
flexvnf
fortinet
garderos_grs
generic
generic_termserver
h3c_comware
hillstone_stoneos
hp_comware
hp_procurve
huawei
huawei_olt
huawei_smartax
huawei_smartaxmmi
huawei_vrp
huawei_vrpv8
infinera_packet
ipinfusion_ocnos
juniper
juniper_junos
juniper_screenos
keymile
keymile_nos
lancom_lcossx4
linux
maipu
mellanox
mellanox_mlnxos
mikrotik_routeros
mikrotik_switchos
mrv_lx
mrv_optiswitch
nec_ix
netapp_cdot
netgear_prosafe
netscaler
nokia_srl
nokia_sros
oneaccess_oneos
ovs_linux
paloalto_panos
pluribus
quanta_mesh
rad_etx
raisecom_roap
ruckus_fastiron
ruijie_os
silverpeak_vxoa
sixwind_os
sophos_sfos
supermicro_smis
telcosystems_binos
teldat_cit
tplink_jetstream
ubiquiti_edge
ubiquiti_edgerouter
ubiquiti_edgeswitch
ubiquiti_unifiswitch
vertiv_mph
vyatta_vyos
vyos
watchguard_fireware
yamaha
zte_zxros
zyxel_os
2025-10-02 04:10:16 - src.modules.baseline.check_baseline - ERROR - 设备 192.168.80.21 检查失败: 无法连接到设备 192.168.80.21
Traceback (most recent call last):
  File "E:\Development\Python\NetOps\src\modules\baseline\check_baseline.py", line 502, in check_device
    raise Exception(f"无法连接到设备 {host}")
Exception: 无法连接到设备 192.168.80.21
2025-10-02 04:10:16 - src.modules.baseline.check_baseline - ERROR - 设备 192.168.80.22 检查失败: 无法连接到设备 192.168.80.22
Traceback (most recent call last):
  File "E:\Development\Python\NetOps\src\modules\baseline\check_baseline.py", line 502, in check_device
    raise Exception(f"无法连接到设备 {host}")
Exception: 无法连接到设备 192.168.80.22
2025-10-02 04:10:49 - src.modules.collection.ssh_collector - ERROR - 连接设备 192.168.80.21 时发生未知错误: Unsupported 'device_type' currently supported platforms are: 
a10
accedian
adtran_os
adva_fsp150f2
adva_fsp150f3
alaxala_ax26s
alaxala_ax36s
alcatel_aos
alcatel_sros
allied_telesis_awplus
apresia_aeos
arista_eos
arris_cer
aruba_aoscx
aruba_os
aruba_osswitch
aruba_procurve
asterfusion_asternos
audiocode_66
audiocode_72
audiocode_shell
avaya_ers
avaya_vsp
bintec_boss
broadcom_icos
brocade_fastiron
brocade_fos
brocade_netiron
brocade_nos
brocade_vdx
brocade_vyos
calix_b6
casa_cmts
cdot_cros
centec_os
checkpoint_gaia
ciena_saos
ciena_saos10
ciena_waveserver
cisco_apic
cisco_asa
cisco_ftd
cisco_ios
cisco_nxos
cisco_s200
cisco_s300
cisco_tp
cisco_viptela
cisco_wlc
cisco_xe
cisco_xr
cloudgenix_ion
corelight_linux
coriant
cumulus_linux
dell_dnos9
dell_force10
dell_isilon
dell_os10
dell_os6
dell_os9
dell_powerconnect
dell_sonic
digi_transport
dlink_ds
edgecore_sonic
ekinops_ek360
eltex
eltex_esr
endace
enterasys
ericsson_ipos
ericsson_mltn63
ericsson_mltn66
extreme
extreme_ers
extreme_exos
extreme_netiron
extreme_nos
extreme_slx
extreme_tierra
extreme_vdx
extreme_vsp
extreme_wing
f5_linux
f5_ltm
f5_tmsh
fiberstore_fsos
fiberstore_fsosv2
fiberstore_networkos
flexvnf
fortinet
garderos_grs
generic
generic_termserver
h3c_comware
hillstone_stoneos
hp_comware
hp_procurve
huawei
huawei_olt
huawei_smartax
huawei_smartaxmmi
huawei_vrp
huawei_vrpv8
infinera_packet
ipinfusion_ocnos
juniper
juniper_junos
juniper_screenos
keymile
keymile_nos
lancom_lcossx4
linux
maipu
mellanox
mellanox_mlnxos
mikrotik_routeros
mikrotik_switchos
mrv_lx
mrv_optiswitch
nec_ix
netapp_cdot
netgear_prosafe
netscaler
nokia_srl
nokia_sros
oneaccess_oneos
ovs_linux
paloalto_panos
pluribus
quanta_mesh
rad_etx
raisecom_roap
ruckus_fastiron
ruijie_os
silverpeak_vxoa
sixwind_os
sophos_sfos
supermicro_smis
telcosystems_binos
teldat_cit
tplink_jetstream
ubiquiti_edge
ubiquiti_edgerouter
ubiquiti_edgeswitch
ubiquiti_unifiswitch
vertiv_mph
vyatta_vyos
vyos
watchguard_fireware
yamaha
zte_zxros
zyxel_os
2025-10-02 04:10:49 - src.modules.collection.ssh_collector - ERROR - 连接设备 192.168.80.22 时发生未知错误: Unsupported 'device_type' currently supported platforms are: 
a10
accedian
adtran_os
adva_fsp150f2
adva_fsp150f3
alaxala_ax26s
alaxala_ax36s
alcatel_aos
alcatel_sros
allied_telesis_awplus
apresia_aeos
arista_eos
arris_cer
aruba_aoscx
aruba_os
aruba_osswitch
aruba_procurve
asterfusion_asternos
audiocode_66
audiocode_72
audiocode_shell
avaya_ers
avaya_vsp
bintec_boss
broadcom_icos
brocade_fastiron
brocade_fos
brocade_netiron
brocade_nos
brocade_vdx
brocade_vyos
calix_b6
casa_cmts
cdot_cros
centec_os
checkpoint_gaia
ciena_saos
ciena_saos10
ciena_waveserver
cisco_apic
cisco_asa
cisco_ftd
cisco_ios
cisco_nxos
cisco_s200
cisco_s300
cisco_tp
cisco_viptela
cisco_wlc
cisco_xe
cisco_xr
cloudgenix_ion
corelight_linux
coriant
cumulus_linux
dell_dnos9
dell_force10
dell_isilon
dell_os10
dell_os6
dell_os9
dell_powerconnect
dell_sonic
digi_transport
dlink_ds
edgecore_sonic
ekinops_ek360
eltex
eltex_esr
endace
enterasys
ericsson_ipos
ericsson_mltn63
ericsson_mltn66
extreme
extreme_ers
extreme_exos
extreme_netiron
extreme_nos
extreme_slx
extreme_tierra
extreme_vdx
extreme_vsp
extreme_wing
f5_linux
f5_ltm
f5_tmsh
fiberstore_fsos
fiberstore_fsosv2
fiberstore_networkos
flexvnf
fortinet
garderos_grs
generic
generic_termserver
h3c_comware
hillstone_stoneos
hp_comware
hp_procurve
huawei
huawei_olt
huawei_smartax
huawei_smartaxmmi
huawei_vrp
huawei_vrpv8
infinera_packet
ipinfusion_ocnos
juniper
juniper_junos
juniper_screenos
keymile
keymile_nos
lancom_lcossx4
linux
maipu
mellanox
mellanox_mlnxos
mikrotik_routeros
mikrotik_switchos
mrv_lx
mrv_optiswitch
nec_ix
netapp_cdot
netgear_prosafe
netscaler
nokia_srl
nokia_sros
oneaccess_oneos
ovs_linux
paloalto_panos
pluribus
quanta_mesh
rad_etx
raisecom_roap
ruckus_fastiron
ruijie_os
silverpeak_vxoa
sixwind_os
sophos_sfos
supermicro_smis
telcosystems_binos
teldat_cit
tplink_jetstream
ubiquiti_edge
ubiquiti_edgerouter
ubiquiti_edgeswitch
ubiquiti_unifiswitch
vertiv_mph
vyatta_vyos
vyos
watchguard_fireware
yamaha
zte_zxros
zyxel_os
2025-10-02 04:10:49 - src.modules.baseline.check_baseline - ERROR - 设备 192.168.80.21 检查失败: 无法连接到设备 192.168.80.21
Traceback (most recent call last):
  File "E:\Development\Python\NetOps\src\modules\baseline\check_baseline.py", line 502, in check_device
    raise Exception(f"无法连接到设备 {host}")
Exception: 无法连接到设备 192.168.80.21
2025-10-02 04:10:49 - src.modules.baseline.check_baseline - ERROR - 设备 192.168.80.22 检查失败: 无法连接到设备 192.168.80.22
Traceback (most recent call last):
  File "E:\Development\Python\NetOps\src\modules\baseline\check_baseline.py", line 502, in check_device
    raise Exception(f"无法连接到设备 {host}")
Exception: 无法连接到设备 192.168.80.22
2025-10-02 04:14:02 - src.modules.collection.ssh_collector - ERROR - 连接设备 192.168.80.22 时发生未知错误: Unsupported 'device_type' currently supported platforms are: 
a10
accedian
adtran_os
adva_fsp150f2
adva_fsp150f3
alaxala_ax26s
alaxala_ax36s
alcatel_aos
alcatel_sros
allied_telesis_awplus
apresia_aeos
arista_eos
arris_cer
aruba_aoscx
aruba_os
aruba_osswitch
aruba_procurve
asterfusion_asternos
audiocode_66
audiocode_72
audiocode_shell
avaya_ers
avaya_vsp
bintec_boss
broadcom_icos
brocade_fastiron
brocade_fos
brocade_netiron
brocade_nos
brocade_vdx
brocade_vyos
calix_b6
casa_cmts
cdot_cros
centec_os
checkpoint_gaia
ciena_saos
ciena_saos10
ciena_waveserver
cisco_apic
cisco_asa
cisco_ftd
cisco_ios
cisco_nxos
cisco_s200
cisco_s300
cisco_tp
cisco_viptela
cisco_wlc
cisco_xe
cisco_xr
cloudgenix_ion
corelight_linux
coriant
cumulus_linux
dell_dnos9
dell_force10
dell_isilon
dell_os10
dell_os6
dell_os9
dell_powerconnect
dell_sonic
digi_transport
dlink_ds
edgecore_sonic
ekinops_ek360
eltex
eltex_esr
endace
enterasys
ericsson_ipos
ericsson_mltn63
ericsson_mltn66
extreme
extreme_ers
extreme_exos
extreme_netiron
extreme_nos
extreme_slx
extreme_tierra
extreme_vdx
extreme_vsp
extreme_wing
f5_linux
f5_ltm
f5_tmsh
fiberstore_fsos
fiberstore_fsosv2
fiberstore_networkos
flexvnf
fortinet
garderos_grs
generic
generic_termserver
h3c_comware
hillstone_stoneos
hp_comware
hp_procurve
huawei
huawei_olt
huawei_smartax
huawei_smartaxmmi
huawei_vrp
huawei_vrpv8
infinera_packet
ipinfusion_ocnos
juniper
juniper_junos
juniper_screenos
keymile
keymile_nos
lancom_lcossx4
linux
maipu
mellanox
mellanox_mlnxos
mikrotik_routeros
mikrotik_switchos
mrv_lx
mrv_optiswitch
nec_ix
netapp_cdot
netgear_prosafe
netscaler
nokia_srl
nokia_sros
oneaccess_oneos
ovs_linux
paloalto_panos
pluribus
quanta_mesh
rad_etx
raisecom_roap
ruckus_fastiron
ruijie_os
silverpeak_vxoa
sixwind_os
sophos_sfos
supermicro_smis
telcosystems_binos
teldat_cit
tplink_jetstream
ubiquiti_edge
ubiquiti_edgerouter
ubiquiti_edgeswitch
ubiquiti_unifiswitch
vertiv_mph
vyatta_vyos
vyos
watchguard_fireware
yamaha
zte_zxros
zyxel_os
2025-10-02 04:14:02 - src.modules.collection.ssh_collector - ERROR - 连接设备 192.168.80.21 时发生未知错误: Unsupported 'device_type' currently supported platforms are: 
a10
accedian
adtran_os
adva_fsp150f2
adva_fsp150f3
alaxala_ax26s
alaxala_ax36s
alcatel_aos
alcatel_sros
allied_telesis_awplus
apresia_aeos
arista_eos
arris_cer
aruba_aoscx
aruba_os
aruba_osswitch
aruba_procurve
asterfusion_asternos
audiocode_66
audiocode_72
audiocode_shell
avaya_ers
avaya_vsp
bintec_boss
broadcom_icos
brocade_fastiron
brocade_fos
brocade_netiron
brocade_nos
brocade_vdx
brocade_vyos
calix_b6
casa_cmts
cdot_cros
centec_os
checkpoint_gaia
ciena_saos
ciena_saos10
ciena_waveserver
cisco_apic
cisco_asa
cisco_ftd
cisco_ios
cisco_nxos
cisco_s200
cisco_s300
cisco_tp
cisco_viptela
cisco_wlc
cisco_xe
cisco_xr
cloudgenix_ion
corelight_linux
coriant
cumulus_linux
dell_dnos9
dell_force10
dell_isilon
dell_os10
dell_os6
dell_os9
dell_powerconnect
dell_sonic
digi_transport
dlink_ds
edgecore_sonic
ekinops_ek360
eltex
eltex_esr
endace
enterasys
ericsson_ipos
ericsson_mltn63
ericsson_mltn66
extreme
extreme_ers
extreme_exos
extreme_netiron
extreme_nos
extreme_slx
extreme_tierra
extreme_vdx
extreme_vsp
extreme_wing
f5_linux
f5_ltm
f5_tmsh
fiberstore_fsos
fiberstore_fsosv2
fiberstore_networkos
flexvnf
fortinet
garderos_grs
generic
generic_termserver
h3c_comware
hillstone_stoneos
hp_comware
hp_procurve
huawei
huawei_olt
huawei_smartax
huawei_smartaxmmi
huawei_vrp
huawei_vrpv8
infinera_packet
ipinfusion_ocnos
juniper
juniper_junos
juniper_screenos
keymile
keymile_nos
lancom_lcossx4
linux
maipu
mellanox
mellanox_mlnxos
mikrotik_routeros
mikrotik_switchos
mrv_lx
mrv_optiswitch
nec_ix
netapp_cdot
netgear_prosafe
netscaler
nokia_srl
nokia_sros
oneaccess_oneos
ovs_linux
paloalto_panos
pluribus
quanta_mesh
rad_etx
raisecom_roap
ruckus_fastiron
ruijie_os
silverpeak_vxoa
sixwind_os
sophos_sfos
supermicro_smis
telcosystems_binos
teldat_cit
tplink_jetstream
ubiquiti_edge
ubiquiti_edgerouter
ubiquiti_edgeswitch
ubiquiti_unifiswitch
vertiv_mph
vyatta_vyos
vyos
watchguard_fireware
yamaha
zte_zxros
zyxel_os
2025-10-02 04:14:02 - src.modules.baseline.check_baseline - ERROR - 设备 192.168.80.22 检查失败: 无法连接到设备 192.168.80.22
Traceback (most recent call last):
  File "E:\Development\Python\NetOps\src\modules\baseline\check_baseline.py", line 502, in check_device
    raise Exception(f"无法连接到设备 {host}")
Exception: 无法连接到设备 192.168.80.22
2025-10-02 04:14:02 - src.modules.baseline.check_baseline - ERROR - 设备 192.168.80.21 检查失败: 无法连接到设备 192.168.80.21
Traceback (most recent call last):
  File "E:\Development\Python\NetOps\src\modules\baseline\check_baseline.py", line 502, in check_device
    raise Exception(f"无法连接到设备 {host}")
Exception: 无法连接到设备 192.168.80.21
